-I: Adding /cbio/jclab/share/amber/amber12//dat/leap/prep to search path.
-I: Adding /cbio/jclab/share/amber/amber12//dat/leap/lib to search path.
-I: Adding /cbio/jclab/share/amber/amber12//dat/leap/parm to search path.
-I: Adding /cbio/jclab/share/amber/amber12//dat/leap/cmd to search path.
-f: Source setup.leap.in.

Welcome to LEaP!
(no leaprc in search path)
Sourcing: ./setup.leap.in
----- Source: /cbio/jclab/share/amber/amber12//dat/leap/cmd/leaprc.ff99SBildn
----- Source of /cbio/jclab/share/amber/amber12//dat/leap/cmd/leaprc.ff99SBildn done
Log file: ./leap.log
Loading parameters: /cbio/jclab/share/amber/amber12//dat/leap/parm/parm99.dat
Reading title:
PARM99 for DNA,RNA,AA, organic molecules, TIP3P wat. Polariz.& LP incl.02/04/99
Loading parameters: /cbio/jclab/share/amber/amber12//dat/leap/parm/frcmod.ff99SBildn
Reading force field modification type file (frcmod)
Reading title:
Modification/update of parm99.dat (Hornak & Simmerling) + ILDN corrections
Loading library: /cbio/jclab/share/amber/amber12//dat/leap/lib/all_nucleic94.lib
Loading library: /cbio/jclab/share/amber/amber12//dat/leap/lib/all_amino94ildn.lib
Loading library: /cbio/jclab/share/amber/amber12//dat/leap/lib/all_aminoct94ildn.lib
Loading library: /cbio/jclab/share/amber/amber12//dat/leap/lib/all_aminont94ildn.lib
Loading library: /cbio/jclab/share/amber/amber12//dat/leap/lib/ions94.lib
Loading library: /cbio/jclab/share/amber/amber12//dat/leap/lib/solvents.lib
----- Source: /cbio/jclab/share/amber/amber12//dat/leap/cmd/leaprc.gaff
----- Source of /cbio/jclab/share/amber/amber12//dat/leap/cmd/leaprc.gaff done
Log file: ./leap.log
Loading parameters: /cbio/jclab/share/amber/amber12//dat/leap/parm/gaff.dat
Reading title:
AMBER General Force Field for organic molecules (Version 1.5, January 2013)
Using H(N)-modified Bondi radii
Loading Prep file: ./test.prepin
Loading parameters: ./IC6.frcmod
Reading force field modification type file (frcmod)
Reading title:
IC6.frcmod-Ferric-high-spin.frcmod- Shahrokh,K; Orendt,A; Yost, G.S; and Cheatham III, T.E. Jour Comp Chem (2011)
Loading library: ./HEME_IC6.off
Loading library: ./CYP_IC6.off
Loading PDB file: ./M01_A82W_em_2AMBER.pdb
  total atoms in file: 3672
  Leap added 3648 missing atoms according to residue templates:
       3648 H / lone pairs
Loading Mol2 file: ./HEME2AMBER.mol2
Reading MOLECULE named HEM-IC6
Loading PDB file: ./ranked1test_invert.pdb
  total atoms in file: 34
Checking Unit.
Building topology.
Building atom parameters.
Building bond parameters.
Building angle parameters.
Building proper torsion parameters.
Building improper torsion parameters.
old PREP-specified impropers:
 <RAI 1>:  C12  C11  C1   O1  
 <RAI 1>:  C2   C1   C11  H15 
 <RAI 1>:  C    C11  C2   H   
 <RAI 1>:  C9   C7   C8   H9  
 <RAI 1>:  C8   C    C9   C10 
 total 1 improper torsion applied
 5 improper torsions in old prep form
Building H-Bond parameters.
Incorporating Non-Bonded adjustments.
Not Marking per-residue atom chain types.
Marking per-residue atom chain types.
 (no restraints)
Writing pdb file: ligand.pdb
Checking Unit.
WARNING: The unperturbed charge of the unit: -15.000000 is not zero.

 -- ignoring the warning.

Building topology.
Building atom parameters.
Building bond parameters.
Building angle parameters.
Building proper torsion parameters.
Building improper torsion parameters.
 total 1449 improper torsions applied
Building H-Bond parameters.
Incorporating Non-Bonded adjustments.
Not Marking per-residue atom chain types.
Marking per-residue atom chain types.
  (Residues lacking connect0/connect1 - 
   these don't have chain types marked:

	res	total affected

	CLEU	1
	CYP	1
	HEM	1
	NTHR	1
  )
 (no restraints)
Writing pdb file: receptor.pdb
 Converting N-terminal residue name to PDB format: NTHR -> THR
 Converting C-terminal residue name to PDB format: CLEU -> LEU
Checking Unit.
WARNING: The unperturbed charge of the unit: -15.000000 is not zero.

 -- ignoring the warning.

Building topology.
Building atom parameters.
Building bond parameters.
Building angle parameters.
Building proper torsion parameters.
Building improper torsion parameters.
old PREP-specified impropers:
 <RAI 457>:  C12  C11  C1   O1  
 <RAI 457>:  C2   C1   C11  H15 
 <RAI 457>:  C    C11  C2   H   
 <RAI 457>:  C9   C7   C8   H9  
 <RAI 457>:  C8   C    C9   C10 
 total 1450 improper torsions applied
 5 improper torsions in old prep form
Building H-Bond parameters.
Incorporating Non-Bonded adjustments.
Not Marking per-residue atom chain types.
Marking per-residue atom chain types.
  (Residues lacking connect0/connect1 - 
   these don't have chain types marked:

	res	total affected

	CLEU	1
	CYP	1
	HEM	1
	NTHR	1
  )
 (no restraints)
Writing pdb file: complex.pdb
 Converting N-terminal residue name to PDB format: NTHR -> THR
 Converting C-terminal residue name to PDB format: CLEU -> LEU
	Quit
