log started: Wed Apr  6 04:58:27 2016

Log file: ./leap.log
>> #
>> # ----- leaprc for loading the ff99SB (Hornak & Simmerling) force field
>> #       modified for the "ILDN" changes
>> #
>> #	load atom type hybridizations
>> #
>> addAtomTypes {
>> 	{ "H"   "H" "sp3" }
>> 	{ "HO"  "H" "sp3" }
>> 	{ "HS"  "H" "sp3" }
>> 	{ "H1"  "H" "sp3" }
>> 	{ "H2"  "H" "sp3" }
>> 	{ "H3"  "H" "sp3" }
>> 	{ "H4"  "H" "sp3" }
>> 	{ "H5"  "H" "sp3" }
>> 	{ "HW"  "H" "sp3" }
>> 	{ "HC"  "H" "sp3" }
>> 	{ "HA"  "H" "sp3" }
>> 	{ "HP"  "H" "sp3" }
>> 	{ "OH"  "O" "sp3" }
>> 	{ "OS"  "O" "sp3" }
>> 	{ "O"   "O" "sp2" }
>> 	{ "O2"  "O" "sp2" }
>> 	{ "OW"  "O" "sp3" }
>> 	{ "CT"  "C" "sp3" }
>> 	{ "CH"  "C" "sp3" }
>> 	{ "C2"  "C" "sp3" }
>> 	{ "C3"  "C" "sp3" }
>> 	{ "C"   "C" "sp2" }
>> 	{ "C*"  "C" "sp2" }
>> 	{ "CA"  "C" "sp2" }
>> 	{ "CB"  "C" "sp2" }
>> 	{ "CC"  "C" "sp2" }
>> 	{ "CN"  "C" "sp2" }
>> 	{ "CM"  "C" "sp2" }
>> 	{ "CK"  "C" "sp2" }
>> 	{ "CQ"  "C" "sp2" }
>> 	{ "CD"  "C" "sp2" }
>> 	{ "CE"  "C" "sp2" }
>> 	{ "CF"  "C" "sp2" }
>> 	{ "CP"  "C" "sp2" }
>> 	{ "CI"  "C" "sp2" }
>> 	{ "CJ"  "C" "sp2" }
>> 	{ "CW"  "C" "sp2" }
>> 	{ "CV"  "C" "sp2" }
>> 	{ "CR"  "C" "sp2" }
>> 	{ "CA"  "C" "sp2" }
>> 	{ "CY"  "C" "sp2" }
>> 	{ "C0"  "C" "sp2" }
>> 	{ "MG"  "Mg" "sp3" }
>> 	{ "N"   "N" "sp2" }
>> 	{ "NA"  "N" "sp2" }
>> 	{ "N2"  "N" "sp2" }
>> 	{ "N*"  "N" "sp2" }
>> 	{ "NP"  "N" "sp2" }
>> 	{ "NQ"  "N" "sp2" }
>> 	{ "NB"  "N" "sp2" }
>> 	{ "NC"  "N" "sp2" }
>> 	{ "NT"  "N" "sp3" }
>> 	{ "N3"  "N" "sp3" }
>> 	{ "S"   "S" "sp3" }
>> 	{ "SH"  "S" "sp3" }
>> 	{ "P"   "P" "sp3" }
>> 	{ "LP"  ""  "sp3" }
>> 	{ "F"   "F" "sp3" }
>> 	{ "CL"  "Cl" "sp3" }
>> 	{ "BR"  "Br" "sp3" }
>> 	{ "I"   "I"  "sp3" }
>> 	{ "FE"  "Fe" "sp3" }
>> 	{ "EP"  ""  "sp3" }
>> # glycam
>> 	{ "OG"  "O" "sp3" }
>> 	{ "OL"  "O" "sp3" }
>> 	{ "AC"  "C" "sp3" }
>> 	{ "EC"  "C" "sp3" }
>> #ildn
>> 	{ "C3"  "C" "sp3" }
>> 	{ "C4"  "C" "sp3" }
>> 	{ "C5"   "C" "sp2" }
>> 	{ "C6"   "C" "sp2" }
>> 	{ "NP"   "N" "sp2" }
>> 	{ "OM"   "O" "sp2" } # guess!!!
>> }
>> #
>> #	Load the main parameter set.
>> #
>> parm99 = loadamberparams parm99.dat
Loading parameters: /cbio/jclab/home/luirink/anaconda/bin/../dat/leap/parm/parm99.dat
Reading title:
PARM99 for DNA,RNA,AA, organic molecules, TIP3P wat. Polariz.& LP incl.02/04/99
(UNKNOWN ATOM TYPE: HZ)
(UNKNOWN ATOM TYPE: IM)
(UNKNOWN ATOM TYPE: Li)
(UNKNOWN ATOM TYPE: IP)
(UNKNOWN ATOM TYPE: K)
(UNKNOWN ATOM TYPE: Rb)
(UNKNOWN ATOM TYPE: Cs)
(UNKNOWN ATOM TYPE: Zn)
(UNKNOWN ATOM TYPE: IB)
(UNKNOWN ATOM TYPE: LP)
>> mods = loadamberparams frcmod.ff99SBildn
Loading parameters: /cbio/jclab/home/luirink/anaconda/bin/../dat/leap/parm/frcmod.ff99SBildn
Reading force field modification type file (frcmod)
Reading title:
Modification/update of parm99.dat (Hornak & Simmerling) + ILDN corrections
>> #
>> #	Load DNA/RNA libraries
>> #
>> loadOff all_nucleic94.lib
Loading library: /cbio/jclab/home/luirink/anaconda/bin/../dat/leap/lib/all_nucleic94.lib
Loading: DA
Loading: DA3
Loading: DA5
Loading: DAN
Loading: DC
Loading: DC3
Loading: DC5
Loading: DCN
Loading: DG
Loading: DG3
Loading: DG5
Loading: DGN
Loading: DT
Loading: DT3
Loading: DT5
Loading: DTN
Loading: RA
Loading: RA3
Loading: RA5
Loading: RAN
Loading: RC
Loading: RC3
Loading: RC5
Loading: RCN
Loading: RG
Loading: RG3
Loading: RG5
Loading: RGN
Loading: RU
Loading: RU3
Loading: RU5
Loading: RUN
>> #
>> #	Load main chain and terminating 
>> #	amino acid libraries (i.e. ff94 libs)
>> #
>> loadOff all_amino94ildn.lib
Loading library: /cbio/jclab/home/luirink/anaconda/bin/../dat/leap/lib/all_amino94ildn.lib
Loading: ALA
Loading: ARG
Loading: ASH
Loading: ASN
Loading: ASP
Loading: CYM
Loading: CYS
Loading: CYX
Loading: GLH
Loading: GLN
Loading: GLU
Loading: GLY
Loading: HID
Loading: HIE
Loading: HIP
Loading: ILE
Loading: LEU
Loading: LYN
Loading: LYS
Loading: MET
Loading: PHE
Loading: PRO
Loading: SER
Loading: THR
Loading: TRP
Loading: TYR
Loading: VAL
>> loadOff all_aminoct94ildn.lib
Loading library: /cbio/jclab/home/luirink/anaconda/bin/../dat/leap/lib/all_aminoct94ildn.lib
Loading: CALA
Loading: CARG
Loading: CASN
Loading: CASP
Loading: CCYS
Loading: CCYX
Loading: CGLN
Loading: CGLU
Loading: CGLY
Loading: CHID
Loading: CHIE
Loading: CHIP
Loading: CILE
Loading: CLEU
Loading: CLYS
Loading: CMET
Loading: CPHE
Loading: CPRO
Loading: CSER
Loading: CTHR
Loading: CTRP
Loading: CTYR
Loading: CVAL
Loading: NHE
Loading: NME
>> loadOff all_aminont94ildn.lib
Loading library: /cbio/jclab/home/luirink/anaconda/bin/../dat/leap/lib/all_aminont94ildn.lib
Loading: ACE
Loading: NALA
Loading: NARG
Loading: NASN
Loading: NASP
Loading: NCYS
Loading: NCYX
Loading: NGLN
Loading: NGLU
Loading: NGLY
Loading: NHID
Loading: NHIE
Loading: NHIP
Loading: NILE
Loading: NLEU
Loading: NLYS
Loading: NMET
Loading: NPHE
Loading: NPRO
Loading: NSER
Loading: NTHR
Loading: NTRP
Loading: NTYR
Loading: NVAL
>> #
>> #       Load water and ions
>> # 
>> loadOff ions94.lib
Loading library: /cbio/jclab/home/luirink/anaconda/bin/../dat/leap/lib/ions94.lib
Loading: CIO
Loading: Cl-
Loading: Cs+
Loading: IB
Loading: K+
Loading: Li+
Loading: MG2
Loading: Na+
Loading: Rb+
>> loadOff solvents.lib
Loading library: /cbio/jclab/home/luirink/anaconda/bin/../dat/leap/lib/solvents.lib
Loading: CHCL3BOX
Loading: DC4
Loading: MEOHBOX
Loading: NMABOX
Loading: OPC
Loading: OPCBOX
Loading: PL3
Loading: POL3BOX
Loading: QSPCFWBOX
Loading: SPC
Loading: SPCBOX
Loading: SPCFWBOX
Loading: SPF
Loading: SPG
Loading: T4E
Loading: TIP3PBOX
Loading: TIP3PFBOX
Loading: TIP4PBOX
Loading: TIP4PEWBOX
Loading: TIP5PBOX
Loading: TP3
Loading: TP4
Loading: TP5
Loading: TPF
>> HOH = TP3
>> WAT = TP3
>> 
>> #
>> #	Define the PDB name map for the amino acids and DNA.
>> #
>> addPdbResMap {
>>   { 0 "ALA" "NALA" } { 1 "ALA" "CALA" }
>>   { 0 "ARG" "NARG" } { 1 "ARG" "CARG" }
>>   { 0 "ASN" "NASN" } { 1 "ASN" "CASN" }
>>   { 0 "ASP" "NASP" } { 1 "ASP" "CASP" }
>>   { 0 "CYS" "NCYS" } { 1 "CYS" "CCYS" }
>>   { 0 "CYX" "NCYX" } { 1 "CYX" "CCYX" }
>>   { 0 "GLN" "NGLN" } { 1 "GLN" "CGLN" }
>>   { 0 "GLU" "NGLU" } { 1 "GLU" "CGLU" }
>>   { 0 "GLY" "NGLY" } { 1 "GLY" "CGLY" }
>>   { 0 "HID" "NHID" } { 1 "HID" "CHID" }
>>   { 0 "HIE" "NHIE" } { 1 "HIE" "CHIE" }
>>   { 0 "HIP" "NHIP" } { 1 "HIP" "CHIP" }
>>   { 0 "ILE" "NILE" } { 1 "ILE" "CILE" }
>>   { 0 "LEU" "NLEU" } { 1 "LEU" "CLEU" }
>>   { 0 "LYS" "NLYS" } { 1 "LYS" "CLYS" }
>>   { 0 "MET" "NMET" } { 1 "MET" "CMET" }
>>   { 0 "PHE" "NPHE" } { 1 "PHE" "CPHE" }
>>   { 0 "PRO" "NPRO" } { 1 "PRO" "CPRO" }
>>   { 0 "SER" "NSER" } { 1 "SER" "CSER" }
>>   { 0 "THR" "NTHR" } { 1 "THR" "CTHR" }
>>   { 0 "TRP" "NTRP" } { 1 "TRP" "CTRP" }
>>   { 0 "TYR" "NTYR" } { 1 "TYR" "CTYR" }
>>   { 0 "VAL" "NVAL" } { 1 "VAL" "CVAL" }
>>   { 0 "HIS" "NHIS" } { 1 "HIS" "CHIS" }
>>   { 0 "GUA" "DG5"  } { 1 "GUA" "DG3"  } { "GUA" "DG" }
>>   { 0 "ADE" "DA5"  } { 1 "ADE" "DA3"  } { "ADE" "DA" }
>>   { 0 "CYT" "DC5"  } { 1 "CYT" "DC3"  } { "CYT" "DC" }
>>   { 0 "THY" "DT5"  } { 1 "THY" "DT3"  } { "THY" "DT" }
>>   { 0 "G" "RG5"  } { 1 "G" "RG3"  } { "G" "RG" } { "GN" "RGN" }
>>   { 0 "A" "RA5"  } { 1 "A" "RA3"  } { "A" "RA" } { "AN" "RAN" }
>>   { 0 "C" "RC5"  } { 1 "C" "RC3"  } { "C" "RC" } { "CN" "RCN" }
>>   { 0 "U" "RU5"  } { 1 "U" "RU3"  } { "U" "RU" } { "UN" "RUN" }
>>   { 0 "DG" "DG5"  } { 1 "DG" "DG3"  }  
>>   { 0 "DA" "DA5"  } { 1 "DA" "DA3"  }  
>>   { 0 "DC" "DC5"  } { 1 "DC" "DC3"  }  
>>   { 0 "DT" "DT5"  } { 1 "DT" "DT3"  }
>> 
>> }
>> 
>> addPdbAtomMap {
>>   { "O5*" "O5'" }
>>   { "C5*" "C5'" }
>>   { "C4*" "C4'" }
>>   { "O4*" "O4'" }
>>   { "C3*" "C3'" }
>>   { "O3*" "O3'" }
>>   { "C2*" "C2'" }
>>   { "C1*" "C1'" }
>>   { "C5M" "C7"  }
>>   { "O2*" "O2'" }
>>   { "H1*" "H1'" }
>>   { "H2*1" "H2'1" }
>>   { "H2*2" "H2'2" }
>>   { "H2'"  "H2'1" }
>>   { "H2''" "H2'2" }
>>   { "H3*" "H3'" }
>>   { "H4*" "H4'" }
>>   { "H5*1" "H5'1" }
>>   { "H5*2" "H5'2" }
>>   { "H5'"  "H5'1" }
>>   { "H5''" "H5'2" }
>>   { "HO2'" "HO'2" }
>>   { "HO5'" "H5T" }
>>   { "HO3'" "H3T" }
>>   { "O1'" "O4'" }
>>   { "OA"  "O1P" }
>>   { "OB"  "O2P" }
>>   { "OP1" "O1P" }
>>   { "OP2" "O2P" }
>> }
>> 
>> 
>> #
>> # assumed that most often proteins use HIE
>> #
>> NHIS = NHIE
>> HIS = HIE
>> CHIS = CHIE
> 
> source leaprc.gaff
----- Source: /cbio/jclab/home/luirink/anaconda/bin/../dat/leap/cmd/leaprc.gaff
----- Source of /cbio/jclab/home/luirink/anaconda/bin/../dat/leap/cmd/leaprc.gaff done
>> logFile leap.log
log started: Wed Apr  6 04:58:27 2016

Log file: ./leap.log
>> #
>> # ----- leaprc for loading the general Amber Force field.
>> #       This file is mostly for use with Antechamber
>> #
>> #	load atom type hybridizations
>> #
>> addAtomTypes {
>> 	{ "h1"  "H" "sp3" }
>> 	{ "h2"  "H" "sp3" }
>> 	{ "h3"  "H" "sp3" }
>> 	{ "h4"  "H" "sp3" }
>> 	{ "h5"  "H" "sp3" }
>> 	{ "ha"  "H" "sp3" }
>> 	{ "hc"  "H" "sp3" }
>> 	{ "hn"  "H" "sp3" }
>> 	{ "ho"  "H" "sp3" }
>> 	{ "hp"  "H" "sp3" }
>> 	{ "hs"  "H" "sp3" }
>> 	{ "hw"  "H" "sp3" }
>> 	{ "hx"  "H" "sp3" }
>> 	{ "o"  "O" "sp2" }
>> 	{ "o2"  "O" "sp2" }
>> 	{ "oh"  "O" "sp3" }
>> 	{ "os"  "O" "sp3" }
>> 	{ "ow"  "O" "sp3" }
>> 	{ "c"  "C" "sp2" }
>> 	{ "c1"  "C" "sp2" }
>> 	{ "c2"  "C" "sp2" }
>> 	{ "c3"  "C" "sp3" }
>> 	{ "ca"  "C" "sp2" }
>> 	{ "cc"  "C" "sp2" }
>> 	{ "cd"  "C" "sp2" }
>> 	{ "ce"  "C" "sp2" }
>> 	{ "cf"  "C" "sp2" }
>> 	{ "cg"  "C" "sp2" }
>> 	{ "ch"  "C" "sp2" }
>> 	{ "cp"  "C" "sp2" }
>> 	{ "cq"  "C" "sp2" }
>> 	{ "cu"  "C" "sp2" }
>> 	{ "cv"  "C" "sp2" }
>> 	{ "cx"  "C" "sp2" }
>> 	{ "cy"  "C" "sp2" }
>> 	{ "cz"  "C" "sp2" }
>> 	{ "n"   "N" "sp2" }
>> 	{ "n1"  "N" "sp2" }
>> 	{ "n2"  "N" "sp2" }
>> 	{ "n3"  "N" "sp3" }
>> 	{ "n4"  "N" "sp3" }
>> 	{ "na"  "N" "sp2" }
>> 	{ "nb"  "N" "sp2" }
>> 	{ "nc"  "N" "sp2" }
>> 	{ "nd"  "N" "sp2" }
>> 	{ "ne"  "N" "sp2" }
>> 	{ "nf"  "N" "sp2" }
>> 	{ "nh"  "N" "sp2" }
>> 	{ "no"  "N" "sp2" }
>> 	{ "s"   "S" "sp2" }
>> 	{ "s2"   "S" "sp2" }
>> 	{ "s3"   "S" "sp3" }
>> 	{ "s4"   "S" "sp3" }
>> 	{ "s6"   "S" "sp3" }
>> 	{ "sh"   "S" "sp3" }
>> 	{ "ss"   "S" "sp3" }
>> 	{ "sx"   "S" "sp3" }
>> 	{ "sy"   "S" "sp3" }
>> 	{ "p2"   "P" "sp2" }
>> 	{ "p3"   "P" "sp3" }
>> 	{ "p4"   "P" "sp3" }
>> 	{ "p5"   "P" "sp3" }
>> 	{ "pb"   "P" "sp3" }
>> 	{ "pc"   "P" "sp3" }
>> 	{ "pd"   "P" "sp3" }
>> 	{ "pe"   "P" "sp3" }
>> 	{ "pf"   "P" "sp3" }
>> 	{ "px"   "P" "sp3" }
>> 	{ "py"   "P" "sp3" }
>> 	{ "f"   "F" "sp3" }
>> 	{ "cl"  "Cl" "sp3" }
>> 	{ "br"  "Br" "sp3" }
>> 	{ "i"   "I"  "sp3" }
>> }
>> #
>> #	Load the general force field parameter set.
>> #
>> gaff = loadamberparams gaff.dat
Loading parameters: /cbio/jclab/home/luirink/anaconda/bin/../dat/leap/parm/gaff.dat
Reading title:
AMBER General Force Field for organic molecules (Version 1.7, Nov 2013)
> 
> 
> 
> # Load additional parameters.
> loadamberprep test.prepin
Loading Prep file: ./test.prepin
Loaded UNIT: RAI
> loadamberparams IC6.frcmod
Loading parameters: ./IC6.frcmod
Reading force field modification type file (frcmod)
Reading title:
IC6.frcmod-Ferric-high-spin.frcmod- Shahrokh,K; Orendt,A; Yost, G.S; and Cheatham III, T.E. Jour Comp Chem (2011)
> loadoff HEME_IC6.off
Loading library: ./HEME_IC6.off
Loading: HEM
> loadoff CYP_IC6.off
Loading library: ./CYP_IC6.off
Loading: CYP
> 
> # Load structures.
> prot=loadpdb M01_A82W_stef_GMX_2AMBER.pdb 
Loading PDB file: ./M01_A82W_stef_GMX_2AMBER.pdb
Enter zPdbReadScan from call depth  0.
Exit  zPdbReadScan from call depth  0.
Matching PDB residue names to LEaP variables.
Mapped residue THR, term: Terminal/beginning, seq. number: 0 to: NTHR.
(Residue 1: ILE, Nonterminal, was not found in name map.)
(Residue 2: LYS, Nonterminal, was not found in name map.)
(Residue 3: GLU, Nonterminal, was not found in name map.)
(Residue 4: MET, Nonterminal, was not found in name map.)
(Residue 5: PRO, Nonterminal, was not found in name map.)
(Residue 6: GLN, Nonterminal, was not found in name map.)
(Residue 7: PRO, Nonterminal, was not found in name map.)
(Residue 8: LYS, Nonterminal, was not found in name map.)
(Residue 9: THR, Nonterminal, was not found in name map.)
(Residue 10: PHE, Nonterminal, was not found in name map.)
(Residue 11: GLY, Nonterminal, was not found in name map.)
(Residue 12: GLU, Nonterminal, was not found in name map.)
(Residue 13: LEU, Nonterminal, was not found in name map.)
(Residue 14: LYS, Nonterminal, was not found in name map.)
(Residue 15: ASN, Nonterminal, was not found in name map.)
(Residue 16: LEU, Nonterminal, was not found in name map.)
(Residue 17: PRO, Nonterminal, was not found in name map.)
(Residue 18: LEU, Nonterminal, was not found in name map.)
(Residue 19: LEU, Nonterminal, was not found in name map.)
(Residue 20: ASN, Nonterminal, was not found in name map.)
(Residue 21: THR, Nonterminal, was not found in name map.)
(Residue 22: ASP, Nonterminal, was not found in name map.)
(Residue 23: LYS, Nonterminal, was not found in name map.)
(Residue 24: PRO, Nonterminal, was not found in name map.)
(Residue 25: VAL, Nonterminal, was not found in name map.)
(Residue 26: GLN, Nonterminal, was not found in name map.)
(Residue 27: ALA, Nonterminal, was not found in name map.)
(Residue 28: LEU, Nonterminal, was not found in name map.)
(Residue 29: MET, Nonterminal, was not found in name map.)
(Residue 30: LYS, Nonterminal, was not found in name map.)
(Residue 31: ILE, Nonterminal, was not found in name map.)
(Residue 32: ALA, Nonterminal, was not found in name map.)
(Residue 33: ASP, Nonterminal, was not found in name map.)
(Residue 34: GLU, Nonterminal, was not found in name map.)
(Residue 35: LEU, Nonterminal, was not found in name map.)
(Residue 36: GLY, Nonterminal, was not found in name map.)
(Residue 37: GLU, Nonterminal, was not found in name map.)
(Residue 38: ILE, Nonterminal, was not found in name map.)
(Residue 39: PHE, Nonterminal, was not found in name map.)
(Residue 40: LYS, Nonterminal, was not found in name map.)
(Residue 41: PHE, Nonterminal, was not found in name map.)
(Residue 42: GLU, Nonterminal, was not found in name map.)
(Residue 43: ALA, Nonterminal, was not found in name map.)
(Residue 44: PRO, Nonterminal, was not found in name map.)
(Residue 45: GLY, Nonterminal, was not found in name map.)
(Residue 46: LEU, Nonterminal, was not found in name map.)
(Residue 47: VAL, Nonterminal, was not found in name map.)
(Residue 48: THR, Nonterminal, was not found in name map.)
(Residue 49: ARG, Nonterminal, was not found in name map.)
(Residue 50: TYR, Nonterminal, was not found in name map.)
(Residue 51: LEU, Nonterminal, was not found in name map.)
(Residue 52: SER, Nonterminal, was not found in name map.)
(Residue 53: SER, Nonterminal, was not found in name map.)
(Residue 54: GLN, Nonterminal, was not found in name map.)
(Residue 55: ARG, Nonterminal, was not found in name map.)
(Residue 56: LEU, Nonterminal, was not found in name map.)
(Residue 57: ILE, Nonterminal, was not found in name map.)
(Residue 58: LYS, Nonterminal, was not found in name map.)
(Residue 59: GLU, Nonterminal, was not found in name map.)
(Residue 60: ALA, Nonterminal, was not found in name map.)
(Residue 61: CYS, Nonterminal, was not found in name map.)
(Residue 62: ASP, Nonterminal, was not found in name map.)
(Residue 63: GLU, Nonterminal, was not found in name map.)
(Residue 64: SER, Nonterminal, was not found in name map.)
(Residue 65: ARG, Nonterminal, was not found in name map.)
(Residue 66: PHE, Nonterminal, was not found in name map.)
(Residue 67: ASP, Nonterminal, was not found in name map.)
(Residue 68: LYS, Nonterminal, was not found in name map.)
(Residue 69: ASN, Nonterminal, was not found in name map.)
(Residue 70: LEU, Nonterminal, was not found in name map.)
(Residue 71: SER, Nonterminal, was not found in name map.)
(Residue 72: GLN, Nonterminal, was not found in name map.)
(Residue 73: ALA, Nonterminal, was not found in name map.)
(Residue 74: LEU, Nonterminal, was not found in name map.)
(Residue 75: LYS, Nonterminal, was not found in name map.)
(Residue 76: PHE, Nonterminal, was not found in name map.)
(Residue 77: VAL, Nonterminal, was not found in name map.)
(Residue 78: ARG, Nonterminal, was not found in name map.)
(Residue 79: ASP, Nonterminal, was not found in name map.)
(Residue 80: PHE, Nonterminal, was not found in name map.)
(Residue 81: TRP, Nonterminal, was not found in name map.)
(Residue 82: GLY, Nonterminal, was not found in name map.)
(Residue 83: ASP, Nonterminal, was not found in name map.)
(Residue 84: GLY, Nonterminal, was not found in name map.)
(Residue 85: LEU, Nonterminal, was not found in name map.)
(Residue 86: VAL, Nonterminal, was not found in name map.)
(Residue 87: THR, Nonterminal, was not found in name map.)
(Residue 88: SER, Nonterminal, was not found in name map.)
(Residue 89: TRP, Nonterminal, was not found in name map.)
(Residue 90: THR, Nonterminal, was not found in name map.)
(Residue 91: HID, Nonterminal, was not found in name map.)
(Residue 92: GLU, Nonterminal, was not found in name map.)
(Residue 93: LYS, Nonterminal, was not found in name map.)
(Residue 94: ASN, Nonterminal, was not found in name map.)
(Residue 95: TRP, Nonterminal, was not found in name map.)
(Residue 96: LYS, Nonterminal, was not found in name map.)
(Residue 97: LYS, Nonterminal, was not found in name map.)
(Residue 98: ALA, Nonterminal, was not found in name map.)
(Residue 99: HID, Nonterminal, was not found in name map.)
(Residue 100: ASN, Nonterminal, was not found in name map.)
(Residue 101: ILE, Nonterminal, was not found in name map.)
(Residue 102: LEU, Nonterminal, was not found in name map.)
(Residue 103: LEU, Nonterminal, was not found in name map.)
(Residue 104: PRO, Nonterminal, was not found in name map.)
(Residue 105: SER, Nonterminal, was not found in name map.)
(Residue 106: PHE, Nonterminal, was not found in name map.)
(Residue 107: SER, Nonterminal, was not found in name map.)
(Residue 108: GLN, Nonterminal, was not found in name map.)
(Residue 109: GLN, Nonterminal, was not found in name map.)
(Residue 110: ALA, Nonterminal, was not found in name map.)
(Residue 111: MET, Nonterminal, was not found in name map.)
(Residue 112: LYS, Nonterminal, was not found in name map.)
(Residue 113: GLY, Nonterminal, was not found in name map.)
(Residue 114: TYR, Nonterminal, was not found in name map.)
(Residue 115: HIE, Nonterminal, was not found in name map.)
(Residue 116: ALA, Nonterminal, was not found in name map.)
(Residue 117: MET, Nonterminal, was not found in name map.)
(Residue 118: MET, Nonterminal, was not found in name map.)
(Residue 119: VAL, Nonterminal, was not found in name map.)
(Residue 120: ASP, Nonterminal, was not found in name map.)
(Residue 121: ILE, Nonterminal, was not found in name map.)
(Residue 122: ALA, Nonterminal, was not found in name map.)
(Residue 123: VAL, Nonterminal, was not found in name map.)
(Residue 124: GLN, Nonterminal, was not found in name map.)
(Residue 125: LEU, Nonterminal, was not found in name map.)
(Residue 126: VAL, Nonterminal, was not found in name map.)
(Residue 127: GLN, Nonterminal, was not found in name map.)
(Residue 128: LYS, Nonterminal, was not found in name map.)
(Residue 129: TRP, Nonterminal, was not found in name map.)
(Residue 130: GLU, Nonterminal, was not found in name map.)
(Residue 131: ARG, Nonterminal, was not found in name map.)
(Residue 132: LEU, Nonterminal, was not found in name map.)
(Residue 133: ASN, Nonterminal, was not found in name map.)
(Residue 134: ALA, Nonterminal, was not found in name map.)
(Residue 135: ASP, Nonterminal, was not found in name map.)
(Residue 136: GLU, Nonterminal, was not found in name map.)
(Residue 137: HID, Nonterminal, was not found in name map.)
(Residue 138: ILE, Nonterminal, was not found in name map.)
(Residue 139: GLU, Nonterminal, was not found in name map.)
(Residue 140: VAL, Nonterminal, was not found in name map.)
(Residue 141: PRO, Nonterminal, was not found in name map.)
(Residue 142: GLU, Nonterminal, was not found in name map.)
(Residue 143: ASP, Nonterminal, was not found in name map.)
(Residue 144: MET, Nonterminal, was not found in name map.)
(Residue 145: THR, Nonterminal, was not found in name map.)
(Residue 146: ARG, Nonterminal, was not found in name map.)
(Residue 147: LEU, Nonterminal, was not found in name map.)
(Residue 148: THR, Nonterminal, was not found in name map.)
(Residue 149: LEU, Nonterminal, was not found in name map.)
(Residue 150: ASP, Nonterminal, was not found in name map.)
(Residue 151: THR, Nonterminal, was not found in name map.)
(Residue 152: ILE, Nonterminal, was not found in name map.)
(Residue 153: GLY, Nonterminal, was not found in name map.)
(Residue 154: LEU, Nonterminal, was not found in name map.)
(Residue 155: CYS, Nonterminal, was not found in name map.)
(Residue 156: GLY, Nonterminal, was not found in name map.)
(Residue 157: PHE, Nonterminal, was not found in name map.)
(Residue 158: ASN, Nonterminal, was not found in name map.)
(Residue 159: TYR, Nonterminal, was not found in name map.)
(Residue 160: ARG, Nonterminal, was not found in name map.)
(Residue 161: PHE, Nonterminal, was not found in name map.)
(Residue 162: ASN, Nonterminal, was not found in name map.)
(Residue 163: SER, Nonterminal, was not found in name map.)
(Residue 164: PHE, Nonterminal, was not found in name map.)
(Residue 165: TYR, Nonterminal, was not found in name map.)
(Residue 166: ARG, Nonterminal, was not found in name map.)
(Residue 167: ASP, Nonterminal, was not found in name map.)
(Residue 168: GLN, Nonterminal, was not found in name map.)
(Residue 169: PRO, Nonterminal, was not found in name map.)
(Residue 170: HIE, Nonterminal, was not found in name map.)
(Residue 171: PRO, Nonterminal, was not found in name map.)
(Residue 172: PHE, Nonterminal, was not found in name map.)
(Residue 173: ILE, Nonterminal, was not found in name map.)
(Residue 174: THR, Nonterminal, was not found in name map.)
(Residue 175: SER, Nonterminal, was not found in name map.)
(Residue 176: MET, Nonterminal, was not found in name map.)
(Residue 177: VAL, Nonterminal, was not found in name map.)
(Residue 178: ARG, Nonterminal, was not found in name map.)
(Residue 179: ALA, Nonterminal, was not found in name map.)
(Residue 180: LEU, Nonterminal, was not found in name map.)
(Residue 181: ASP, Nonterminal, was not found in name map.)
(Residue 182: GLU, Nonterminal, was not found in name map.)
(Residue 183: ALA, Nonterminal, was not found in name map.)
(Residue 184: MET, Nonterminal, was not found in name map.)
(Residue 185: ASN, Nonterminal, was not found in name map.)
(Residue 186: LYS, Nonterminal, was not found in name map.)
(Residue 187: GLN, Nonterminal, was not found in name map.)
(Residue 188: GLN, Nonterminal, was not found in name map.)
(Residue 189: ARG, Nonterminal, was not found in name map.)
(Residue 190: ALA, Nonterminal, was not found in name map.)
(Residue 191: ASN, Nonterminal, was not found in name map.)
(Residue 192: PRO, Nonterminal, was not found in name map.)
(Residue 193: ASP, Nonterminal, was not found in name map.)
(Residue 194: ASP, Nonterminal, was not found in name map.)
(Residue 195: PRO, Nonterminal, was not found in name map.)
(Residue 196: ALA, Nonterminal, was not found in name map.)
(Residue 197: TYR, Nonterminal, was not found in name map.)
(Residue 198: ASP, Nonterminal, was not found in name map.)
(Residue 199: GLU, Nonterminal, was not found in name map.)
(Residue 200: ASN, Nonterminal, was not found in name map.)
(Residue 201: LYS, Nonterminal, was not found in name map.)
(Residue 202: ARG, Nonterminal, was not found in name map.)
(Residue 203: GLN, Nonterminal, was not found in name map.)
(Residue 204: PHE, Nonterminal, was not found in name map.)
(Residue 205: GLN, Nonterminal, was not found in name map.)
(Residue 206: GLU, Nonterminal, was not found in name map.)
(Residue 207: ASP, Nonterminal, was not found in name map.)
(Residue 208: ILE, Nonterminal, was not found in name map.)
(Residue 209: LYS, Nonterminal, was not found in name map.)
(Residue 210: VAL, Nonterminal, was not found in name map.)
(Residue 211: MET, Nonterminal, was not found in name map.)
(Residue 212: ASN, Nonterminal, was not found in name map.)
(Residue 213: ASP, Nonterminal, was not found in name map.)
(Residue 214: LEU, Nonterminal, was not found in name map.)
(Residue 215: VAL, Nonterminal, was not found in name map.)
(Residue 216: ASP, Nonterminal, was not found in name map.)
(Residue 217: LYS, Nonterminal, was not found in name map.)
(Residue 218: ILE, Nonterminal, was not found in name map.)
(Residue 219: ILE, Nonterminal, was not found in name map.)
(Residue 220: ALA, Nonterminal, was not found in name map.)
(Residue 221: ASP, Nonterminal, was not found in name map.)
(Residue 222: ARG, Nonterminal, was not found in name map.)
(Residue 223: LYS, Nonterminal, was not found in name map.)
(Residue 224: ALA, Nonterminal, was not found in name map.)
(Residue 225: SER, Nonterminal, was not found in name map.)
(Residue 226: GLY, Nonterminal, was not found in name map.)
(Residue 227: GLU, Nonterminal, was not found in name map.)
(Residue 228: GLN, Nonterminal, was not found in name map.)
(Residue 229: SER, Nonterminal, was not found in name map.)
(Residue 230: ASP, Nonterminal, was not found in name map.)
(Residue 231: ASP, Nonterminal, was not found in name map.)
(Residue 232: LEU, Nonterminal, was not found in name map.)
(Residue 233: LEU, Nonterminal, was not found in name map.)
(Residue 234: THR, Nonterminal, was not found in name map.)
(Residue 235: HIE, Nonterminal, was not found in name map.)
(Residue 236: MET, Nonterminal, was not found in name map.)
(Residue 237: LEU, Nonterminal, was not found in name map.)
(Residue 238: ASN, Nonterminal, was not found in name map.)
(Residue 239: GLY, Nonterminal, was not found in name map.)
(Residue 240: LYS, Nonterminal, was not found in name map.)
(Residue 241: ASP, Nonterminal, was not found in name map.)
(Residue 242: PRO, Nonterminal, was not found in name map.)
(Residue 243: GLU, Nonterminal, was not found in name map.)
(Residue 244: THR, Nonterminal, was not found in name map.)
(Residue 245: GLY, Nonterminal, was not found in name map.)
(Residue 246: GLU, Nonterminal, was not found in name map.)
(Residue 247: PRO, Nonterminal, was not found in name map.)
(Residue 248: LEU, Nonterminal, was not found in name map.)
(Residue 249: ASP, Nonterminal, was not found in name map.)
(Residue 250: ASP, Nonterminal, was not found in name map.)
(Residue 251: GLU, Nonterminal, was not found in name map.)
(Residue 252: ASN, Nonterminal, was not found in name map.)
(Residue 253: ILE, Nonterminal, was not found in name map.)
(Residue 254: ARG, Nonterminal, was not found in name map.)
(Residue 255: TYR, Nonterminal, was not found in name map.)
(Residue 256: GLN, Nonterminal, was not found in name map.)
(Residue 257: ILE, Nonterminal, was not found in name map.)
(Residue 258: ILE, Nonterminal, was not found in name map.)
(Residue 259: THR, Nonterminal, was not found in name map.)
(Residue 260: PHE, Nonterminal, was not found in name map.)
(Residue 261: LEU, Nonterminal, was not found in name map.)
(Residue 262: ILE, Nonterminal, was not found in name map.)
(Residue 263: ALA, Nonterminal, was not found in name map.)
(Residue 264: GLY, Nonterminal, was not found in name map.)
(Residue 265: HID, Nonterminal, was not found in name map.)
(Residue 266: VAL, Nonterminal, was not found in name map.)
(Residue 267: THR, Nonterminal, was not found in name map.)
(Residue 268: THR, Nonterminal, was not found in name map.)
(Residue 269: SER, Nonterminal, was not found in name map.)
(Residue 270: GLY, Nonterminal, was not found in name map.)
(Residue 271: LEU, Nonterminal, was not found in name map.)
(Residue 272: LEU, Nonterminal, was not found in name map.)
(Residue 273: SER, Nonterminal, was not found in name map.)
(Residue 274: PHE, Nonterminal, was not found in name map.)
(Residue 275: ALA, Nonterminal, was not found in name map.)
(Residue 276: LEU, Nonterminal, was not found in name map.)
(Residue 277: TYR, Nonterminal, was not found in name map.)
(Residue 278: PHE, Nonterminal, was not found in name map.)
(Residue 279: LEU, Nonterminal, was not found in name map.)
(Residue 280: VAL, Nonterminal, was not found in name map.)
(Residue 281: LYS, Nonterminal, was not found in name map.)
(Residue 282: ASN, Nonterminal, was not found in name map.)
(Residue 283: PRO, Nonterminal, was not found in name map.)
(Residue 284: HID, Nonterminal, was not found in name map.)
(Residue 285: VAL, Nonterminal, was not found in name map.)
(Residue 286: LEU, Nonterminal, was not found in name map.)
(Residue 287: GLN, Nonterminal, was not found in name map.)
(Residue 288: LYS, Nonterminal, was not found in name map.)
(Residue 289: ALA, Nonterminal, was not found in name map.)
(Residue 290: ALA, Nonterminal, was not found in name map.)
(Residue 291: GLU, Nonterminal, was not found in name map.)
(Residue 292: GLU, Nonterminal, was not found in name map.)
(Residue 293: ALA, Nonterminal, was not found in name map.)
(Residue 294: ALA, Nonterminal, was not found in name map.)
(Residue 295: ARG, Nonterminal, was not found in name map.)
(Residue 296: VAL, Nonterminal, was not found in name map.)
(Residue 297: LEU, Nonterminal, was not found in name map.)
(Residue 298: VAL, Nonterminal, was not found in name map.)
(Residue 299: ASP, Nonterminal, was not found in name map.)
(Residue 300: PRO, Nonterminal, was not found in name map.)
(Residue 301: VAL, Nonterminal, was not found in name map.)
(Residue 302: PRO, Nonterminal, was not found in name map.)
(Residue 303: SER, Nonterminal, was not found in name map.)
(Residue 304: TYR, Nonterminal, was not found in name map.)
(Residue 305: LYS, Nonterminal, was not found in name map.)
(Residue 306: GLN, Nonterminal, was not found in name map.)
(Residue 307: VAL, Nonterminal, was not found in name map.)
(Residue 308: LYS, Nonterminal, was not found in name map.)
(Residue 309: GLN, Nonterminal, was not found in name map.)
(Residue 310: LEU, Nonterminal, was not found in name map.)
(Residue 311: LYS, Nonterminal, was not found in name map.)
(Residue 312: TYR, Nonterminal, was not found in name map.)
(Residue 313: VAL, Nonterminal, was not found in name map.)
(Residue 314: GLY, Nonterminal, was not found in name map.)
(Residue 315: MET, Nonterminal, was not found in name map.)
(Residue 316: VAL, Nonterminal, was not found in name map.)
(Residue 317: LEU, Nonterminal, was not found in name map.)
(Residue 318: ASN, Nonterminal, was not found in name map.)
(Residue 319: GLU, Nonterminal, was not found in name map.)
(Residue 320: ALA, Nonterminal, was not found in name map.)
(Residue 321: LEU, Nonterminal, was not found in name map.)
(Residue 322: ARG, Nonterminal, was not found in name map.)
(Residue 323: LEU, Nonterminal, was not found in name map.)
(Residue 324: TRP, Nonterminal, was not found in name map.)
(Residue 325: PRO, Nonterminal, was not found in name map.)
(Residue 326: THR, Nonterminal, was not found in name map.)
(Residue 327: ALA, Nonterminal, was not found in name map.)
(Residue 328: PRO, Nonterminal, was not found in name map.)
(Residue 329: ALA, Nonterminal, was not found in name map.)
(Residue 330: PHE, Nonterminal, was not found in name map.)
(Residue 331: SER, Nonterminal, was not found in name map.)
(Residue 332: LEU, Nonterminal, was not found in name map.)
(Residue 333: TYR, Nonterminal, was not found in name map.)
(Residue 334: ALA, Nonterminal, was not found in name map.)
(Residue 335: LYS, Nonterminal, was not found in name map.)
(Residue 336: GLU, Nonterminal, was not found in name map.)
(Residue 337: ASP, Nonterminal, was not found in name map.)
(Residue 338: THR, Nonterminal, was not found in name map.)
(Residue 339: VAL, Nonterminal, was not found in name map.)
(Residue 340: LEU, Nonterminal, was not found in name map.)
(Residue 341: GLY, Nonterminal, was not found in name map.)
(Residue 342: GLY, Nonterminal, was not found in name map.)
(Residue 343: GLU, Nonterminal, was not found in name map.)
(Residue 344: TYR, Nonterminal, was not found in name map.)
(Residue 345: PRO, Nonterminal, was not found in name map.)
(Residue 346: LEU, Nonterminal, was not found in name map.)
(Residue 347: GLU, Nonterminal, was not found in name map.)
(Residue 348: LYS, Nonterminal, was not found in name map.)
(Residue 349: GLY, Nonterminal, was not found in name map.)
(Residue 350: ASP, Nonterminal, was not found in name map.)
(Residue 351: GLU, Nonterminal, was not found in name map.)
(Residue 352: LEU, Nonterminal, was not found in name map.)
(Residue 353: MET, Nonterminal, was not found in name map.)
(Residue 354: VAL, Nonterminal, was not found in name map.)
(Residue 355: LEU, Nonterminal, was not found in name map.)
(Residue 356: ILE, Nonterminal, was not found in name map.)
(Residue 357: PRO, Nonterminal, was not found in name map.)
(Residue 358: GLN, Nonterminal, was not found in name map.)
(Residue 359: LEU, Nonterminal, was not found in name map.)
(Residue 360: HID, Nonterminal, was not found in name map.)
(Residue 361: ARG, Nonterminal, was not found in name map.)
(Residue 362: ASP, Nonterminal, was not found in name map.)
(Residue 363: LYS, Nonterminal, was not found in name map.)
(Residue 364: THR, Nonterminal, was not found in name map.)
(Residue 365: ILE, Nonterminal, was not found in name map.)
(Residue 366: TRP, Nonterminal, was not found in name map.)
(Residue 367: GLY, Nonterminal, was not found in name map.)
(Residue 368: ASP, Nonterminal, was not found in name map.)
(Residue 369: ASP, Nonterminal, was not found in name map.)
(Residue 370: VAL, Nonterminal, was not found in name map.)
(Residue 371: GLU, Nonterminal, was not found in name map.)
(Residue 372: GLU, Nonterminal, was not found in name map.)
(Residue 373: PHE, Nonterminal, was not found in name map.)
(Residue 374: ARG, Nonterminal, was not found in name map.)
(Residue 375: PRO, Nonterminal, was not found in name map.)
(Residue 376: GLU, Nonterminal, was not found in name map.)
(Residue 377: ARG, Nonterminal, was not found in name map.)
(Residue 378: PHE, Nonterminal, was not found in name map.)
(Residue 379: GLU, Nonterminal, was not found in name map.)
(Residue 380: ASN, Nonterminal, was not found in name map.)
(Residue 381: PRO, Nonterminal, was not found in name map.)
(Residue 382: SER, Nonterminal, was not found in name map.)
(Residue 383: ALA, Nonterminal, was not found in name map.)
(Residue 384: ILE, Nonterminal, was not found in name map.)
(Residue 385: PRO, Nonterminal, was not found in name map.)
(Residue 386: GLN, Nonterminal, was not found in name map.)
(Residue 387: HIE, Nonterminal, was not found in name map.)
(Residue 388: ALA, Nonterminal, was not found in name map.)
(Residue 389: PHE, Nonterminal, was not found in name map.)
(Residue 390: LYS, Nonterminal, was not found in name map.)
(Residue 391: PRO, Nonterminal, was not found in name map.)
(Residue 392: PHE, Nonterminal, was not found in name map.)
(Residue 393: GLY, Nonterminal, was not found in name map.)
(Residue 394: ASN, Nonterminal, was not found in name map.)
(Residue 395: GLY, Nonterminal, was not found in name map.)
(Residue 396: GLN, Nonterminal, was not found in name map.)
(Residue 397: ARG, Nonterminal, was not found in name map.)
(Residue 398: ALA, Nonterminal, was not found in name map.)
(Residue 399: CYP, Nonterminal, was not found in name map.)
(Residue 400: ILE, Nonterminal, was not found in name map.)
(Residue 401: GLY, Nonterminal, was not found in name map.)
(Residue 402: GLN, Nonterminal, was not found in name map.)
(Residue 403: GLN, Nonterminal, was not found in name map.)
(Residue 404: PHE, Nonterminal, was not found in name map.)
(Residue 405: ALA, Nonterminal, was not found in name map.)
(Residue 406: LEU, Nonterminal, was not found in name map.)
(Residue 407: HIE, Nonterminal, was not found in name map.)
(Residue 408: GLU, Nonterminal, was not found in name map.)
(Residue 409: ALA, Nonterminal, was not found in name map.)
(Residue 410: THR, Nonterminal, was not found in name map.)
(Residue 411: LEU, Nonterminal, was not found in name map.)
(Residue 412: VAL, Nonterminal, was not found in name map.)
(Residue 413: LEU, Nonterminal, was not found in name map.)
(Residue 414: GLY, Nonterminal, was not found in name map.)
(Residue 415: MET, Nonterminal, was not found in name map.)
(Residue 416: MET, Nonterminal, was not found in name map.)
(Residue 417: LEU, Nonterminal, was not found in name map.)
(Residue 418: LYS, Nonterminal, was not found in name map.)
(Residue 419: HID, Nonterminal, was not found in name map.)
(Residue 420: PHE, Nonterminal, was not found in name map.)
(Residue 421: ASP, Nonterminal, was not found in name map.)
(Residue 422: PHE, Nonterminal, was not found in name map.)
(Residue 423: GLU, Nonterminal, was not found in name map.)
(Residue 424: ASP, Nonterminal, was not found in name map.)
(Residue 425: HIE, Nonterminal, was not found in name map.)
(Residue 426: THR, Nonterminal, was not found in name map.)
(Residue 427: ASN, Nonterminal, was not found in name map.)
(Residue 428: TYR, Nonterminal, was not found in name map.)
(Residue 429: GLU, Nonterminal, was not found in name map.)
(Residue 430: LEU, Nonterminal, was not found in name map.)
(Residue 431: ASP, Nonterminal, was not found in name map.)
(Residue 432: ILE, Nonterminal, was not found in name map.)
(Residue 433: LYS, Nonterminal, was not found in name map.)
(Residue 434: GLU, Nonterminal, was not found in name map.)
(Residue 435: THR, Nonterminal, was not found in name map.)
(Residue 436: LEU, Nonterminal, was not found in name map.)
(Residue 437: THR, Nonterminal, was not found in name map.)
(Residue 438: LEU, Nonterminal, was not found in name map.)
(Residue 439: LYS, Nonterminal, was not found in name map.)
(Residue 440: PRO, Nonterminal, was not found in name map.)
(Residue 441: GLU, Nonterminal, was not found in name map.)
(Residue 442: GLY, Nonterminal, was not found in name map.)
(Residue 443: PHE, Nonterminal, was not found in name map.)
(Residue 444: VAL, Nonterminal, was not found in name map.)
(Residue 445: VAL, Nonterminal, was not found in name map.)
(Residue 446: LYS, Nonterminal, was not found in name map.)
(Residue 447: ALA, Nonterminal, was not found in name map.)
(Residue 448: LYS, Nonterminal, was not found in name map.)
(Residue 449: SER, Nonterminal, was not found in name map.)
(Residue 450: LYS, Nonterminal, was not found in name map.)
(Residue 451: LYS, Nonterminal, was not found in name map.)
(Residue 452: ILE, Nonterminal, was not found in name map.)
(Residue 453: PRO, Nonterminal, was not found in name map.)
Mapped residue LEU, term: Terminal/last, seq. number: 454 to: CLEU.
Joining NTHR - ILE
Joining ILE - LYS
Joining LYS - GLU
Joining GLU - MET
Joining MET - PRO
Joining PRO - GLN
Joining GLN - PRO
Joining PRO - LYS
Joining LYS - THR
Joining THR - PHE
Joining PHE - GLY
Joining GLY - GLU
Joining GLU - LEU
Joining LEU - LYS
Joining LYS - ASN
Joining ASN - LEU
Joining LEU - PRO
Joining PRO - LEU
Joining LEU - LEU
Joining LEU - ASN
Joining ASN - THR
Joining THR - ASP
Joining ASP - LYS
Joining LYS - PRO
Joining PRO - VAL
Joining VAL - GLN
Joining GLN - ALA
Joining ALA - LEU
Joining LEU - MET
Joining MET - LYS
Joining LYS - ILE
Joining ILE - ALA
Joining ALA - ASP
Joining ASP - GLU
Joining GLU - LEU
Joining LEU - GLY
Joining GLY - GLU
Joining GLU - ILE
Joining ILE - PHE
Joining PHE - LYS
Joining LYS - PHE
Joining PHE - GLU
Joining GLU - ALA
Joining ALA - PRO
Joining PRO - GLY
Joining GLY - LEU
Joining LEU - VAL
Joining VAL - THR
Joining THR - ARG
Joining ARG - TYR
Joining TYR - LEU
Joining LEU - SER
Joining SER - SER
Joining SER - GLN
Joining GLN - ARG
Joining ARG - LEU
Joining LEU - ILE
Joining ILE - LYS
Joining LYS - GLU
Joining GLU - ALA
Joining ALA - CYS
Joining CYS - ASP
Joining ASP - GLU
Joining GLU - SER
Joining SER - ARG
Joining ARG - PHE
Joining PHE - ASP
Joining ASP - LYS
Joining LYS - ASN
Joining ASN - LEU
Joining LEU - SER
Joining SER - GLN
Joining GLN - ALA
Joining ALA - LEU
Joining LEU - LYS
Joining LYS - PHE
Joining PHE - VAL
Joining VAL - ARG
Joining ARG - ASP
Joining ASP - PHE
Joining PHE - TRP
Joining TRP - GLY
Joining GLY - ASP
Joining ASP - GLY
Joining GLY - LEU
Joining LEU - VAL
Joining VAL - THR
Joining THR - SER
Joining SER - TRP
Joining TRP - THR
Joining THR - HID
Joining HID - GLU
Joining GLU - LYS
Joining LYS - ASN
Joining ASN - TRP
Joining TRP - LYS
Joining LYS - LYS
Joining LYS - ALA
Joining ALA - HID
Joining HID - ASN
Joining ASN - ILE
Joining ILE - LEU
Joining LEU - LEU
Joining LEU - PRO
Joining PRO - SER
Joining SER - PHE
Joining PHE - SER
Joining SER - GLN
Joining GLN - GLN
Joining GLN - ALA
Joining ALA - MET
Joining MET - LYS
Joining LYS - GLY
Joining GLY - TYR
Joining TYR - HIE
Joining HIE - ALA
Joining ALA - MET
Joining MET - MET
Joining MET - VAL
Joining VAL - ASP
Joining ASP - ILE
Joining ILE - ALA
Joining ALA - VAL
Joining VAL - GLN
Joining GLN - LEU
Joining LEU - VAL
Joining VAL - GLN
Joining GLN - LYS
Joining LYS - TRP
Joining TRP - GLU
Joining GLU - ARG
Joining ARG - LEU
Joining LEU - ASN
Joining ASN - ALA
Joining ALA - ASP
Joining ASP - GLU
Joining GLU - HID
Joining HID - ILE
Joining ILE - GLU
Joining GLU - VAL
Joining VAL - PRO
Joining PRO - GLU
Joining GLU - ASP
Joining ASP - MET
Joining MET - THR
Joining THR - ARG
Joining ARG - LEU
Joining LEU - THR
Joining THR - LEU
Joining LEU - ASP
Joining ASP - THR
Joining THR - ILE
Joining ILE - GLY
Joining GLY - LEU
Joining LEU - CYS
Joining CYS - GLY
Joining GLY - PHE
Joining PHE - ASN
Joining ASN - TYR
Joining TYR - ARG
Joining ARG - PHE
Joining PHE - ASN
Joining ASN - SER
Joining SER - PHE
Joining PHE - TYR
Joining TYR - ARG
Joining ARG - ASP
Joining ASP - GLN
Joining GLN - PRO
Joining PRO - HIE
Joining HIE - PRO
Joining PRO - PHE
Joining PHE - ILE
Joining ILE - THR
Joining THR - SER
Joining SER - MET
Joining MET - VAL
Joining VAL - ARG
Joining ARG - ALA
Joining ALA - LEU
Joining LEU - ASP
Joining ASP - GLU
Joining GLU - ALA
Joining ALA - MET
Joining MET - ASN
Joining ASN - LYS
Joining LYS - GLN
Joining GLN - GLN
Joining GLN - ARG
Joining ARG - ALA
Joining ALA - ASN
Joining ASN - PRO
Joining PRO - ASP
Joining ASP - ASP
Joining ASP - PRO
Joining PRO - ALA
Joining ALA - TYR
Joining TYR - ASP
Joining ASP - GLU
Joining GLU - ASN
Joining ASN - LYS
Joining LYS - ARG
Joining ARG - GLN
Joining GLN - PHE
Joining PHE - GLN
Joining GLN - GLU
Joining GLU - ASP
Joining ASP - ILE
Joining ILE - LYS
Joining LYS - VAL
Joining VAL - MET
Joining MET - ASN
Joining ASN - ASP
Joining ASP - LEU
Joining LEU - VAL
Joining VAL - ASP
Joining ASP - LYS
Joining LYS - ILE
Joining ILE - ILE
Joining ILE - ALA
Joining ALA - ASP
Joining ASP - ARG
Joining ARG - LYS
Joining LYS - ALA
Joining ALA - SER
Joining SER - GLY
Joining GLY - GLU
Joining GLU - GLN
Joining GLN - SER
Joining SER - ASP
Joining ASP - ASP
Joining ASP - LEU
Joining LEU - LEU
Joining LEU - THR
Joining THR - HIE
Joining HIE - MET
Joining MET - LEU
Joining LEU - ASN
Joining ASN - GLY
Joining GLY - LYS
Joining LYS - ASP
Joining ASP - PRO
Joining PRO - GLU
Joining GLU - THR
Joining THR - GLY
Joining GLY - GLU
Joining GLU - PRO
Joining PRO - LEU
Joining LEU - ASP
Joining ASP - ASP
Joining ASP - GLU
Joining GLU - ASN
Joining ASN - ILE
Joining ILE - ARG
Joining ARG - TYR
Joining TYR - GLN
Joining GLN - ILE
Joining ILE - ILE
Joining ILE - THR
Joining THR - PHE
Joining PHE - LEU
Joining LEU - ILE
Joining ILE - ALA
Joining ALA - GLY
Joining GLY - HID
Joining HID - VAL
Joining VAL - THR
Joining THR - THR
Joining THR - SER
Joining SER - GLY
Joining GLY - LEU
Joining LEU - LEU
Joining LEU - SER
Joining SER - PHE
Joining PHE - ALA
Joining ALA - LEU
Joining LEU - TYR
Joining TYR - PHE
Joining PHE - LEU
Joining LEU - VAL
Joining VAL - LYS
Joining LYS - ASN
Joining ASN - PRO
Joining PRO - HID
Joining HID - VAL
Joining VAL - LEU
Joining LEU - GLN
Joining GLN - LYS
Joining LYS - ALA
Joining ALA - ALA
Joining ALA - GLU
Joining GLU - GLU
Joining GLU - ALA
Joining ALA - ALA
Joining ALA - ARG
Joining ARG - VAL
Joining VAL - LEU
Joining LEU - VAL
Joining VAL - ASP
Joining ASP - PRO
Joining PRO - VAL
Joining VAL - PRO
Joining PRO - SER
Joining SER - TYR
Joining TYR - LYS
Joining LYS - GLN
Joining GLN - VAL
Joining VAL - LYS
Joining LYS - GLN
Joining GLN - LEU
Joining LEU - LYS
Joining LYS - TYR
Joining TYR - VAL
Joining VAL - GLY
Joining GLY - MET
Joining MET - VAL
Joining VAL - LEU
Joining LEU - ASN
Joining ASN - GLU
Joining GLU - ALA
Joining ALA - LEU
Joining LEU - ARG
Joining ARG - LEU
Joining LEU - TRP
Joining TRP - PRO
Joining PRO - THR
Joining THR - ALA
Joining ALA - PRO
Joining PRO - ALA
Joining ALA - PHE
Joining PHE - SER
Joining SER - LEU
Joining LEU - TYR
Joining TYR - ALA
Joining ALA - LYS
Joining LYS - GLU
Joining GLU - ASP
Joining ASP - THR
Joining THR - VAL
Joining VAL - LEU
Joining LEU - GLY
Joining GLY - GLY
Joining GLY - GLU
Joining GLU - TYR
Joining TYR - PRO
Joining PRO - LEU
Joining LEU - GLU
Joining GLU - LYS
Joining LYS - GLY
Joining GLY - ASP
Joining ASP - GLU
Joining GLU - LEU
Joining LEU - MET
Joining MET - VAL
Joining VAL - LEU
Joining LEU - ILE
Joining ILE - PRO
Joining PRO - GLN
Joining GLN - LEU
Joining LEU - HID
Joining HID - ARG
Joining ARG - ASP
Joining ASP - LYS
Joining LYS - THR
Joining THR - ILE
Joining ILE - TRP
Joining TRP - GLY
Joining GLY - ASP
Joining ASP - ASP
Joining ASP - VAL
Joining VAL - GLU
Joining GLU - GLU
Joining GLU - PHE
Joining PHE - ARG
Joining ARG - PRO
Joining PRO - GLU
Joining GLU - ARG
Joining ARG - PHE
Joining PHE - GLU
Joining GLU - ASN
Joining ASN - PRO
Joining PRO - SER
Joining SER - ALA
Joining ALA - ILE
Joining ILE - PRO
Joining PRO - GLN
Joining GLN - HIE
Joining HIE - ALA
Joining ALA - PHE
Joining PHE - LYS
Joining LYS - PRO
Joining PRO - PHE
Joining PHE - GLY
Joining GLY - ASN
Joining ASN - GLY
Joining GLY - GLN
Joining GLN - ARG
Joining ARG - ALA
Joining ALA - CYP
Joining CYP - ILE
Joining ILE - GLY
Joining GLY - GLN
Joining GLN - GLN
Joining GLN - PHE
Joining PHE - ALA
Joining ALA - LEU
Joining LEU - HIE
Joining HIE - GLU
Joining GLU - ALA
Joining ALA - THR
Joining THR - LEU
Joining LEU - VAL
Joining VAL - LEU
Joining LEU - GLY
Joining GLY - MET
Joining MET - MET
Joining MET - LEU
Joining LEU - LYS
Joining LYS - HID
Joining HID - PHE
Joining PHE - ASP
Joining ASP - PHE
Joining PHE - GLU
Joining GLU - ASP
Joining ASP - HIE
Joining HIE - THR
Joining THR - ASN
Joining ASN - TYR
Joining TYR - GLU
Joining GLU - LEU
Joining LEU - ASP
Joining ASP - ILE
Joining ILE - LYS
Joining LYS - GLU
Joining GLU - THR
Joining THR - LEU
Joining LEU - THR
Joining THR - LEU
Joining LEU - LYS
Joining LYS - PRO
Joining PRO - GLU
Joining GLU - GLY
Joining GLY - PHE
Joining PHE - VAL
Joining VAL - VAL
Joining VAL - LYS
Joining LYS - ALA
Joining ALA - LYS
Joining LYS - SER
Joining SER - LYS
Joining LYS - LYS
Joining LYS - ILE
Joining ILE - PRO
Joining PRO - CLEU
  total atoms in file: 3672
  Leap added 3648 missing atoms according to residue templates:
       3648 H / lone pairs
> hem=loadmol2 HEME2AMBER.mol2
Loading Mol2 file: ./HEME2AMBER.mol2
Reading MOLECULE named HEM-IC6
> lig=loadpdb ranked_S-alpha-ionone_m1_1.pdb
Loading PDB file: ./ranked_S-alpha-ionone_m1_1.pdb
Enter zPdbReadScan from call depth  0.
Exit  zPdbReadScan from call depth  0.
Matching PDB residue names to LEaP variables.
(Residue 0: RAI, Terminal/last, was not found in name map.)
  total atoms in file: 34
> 
> solvent = combine { lig }
  Sequence: default_name
> solvatebox solvent TIP3PBOX 10.0 iso
  Solute vdw bounding box:              7.179 11.672 9.218
  Total bounding box for atom centers:  31.672 31.672 31.672
      (box expansion for 'iso' is  26.3%)
  Solvent unit box:                     18.774 18.774 18.774
The number of boxes:  x= 2  y= 2  z= 2
Adding box at: x=0  y=0  z=0
Center of solvent box is: 9.387175, 9.387175, 9.387175
Adding box at: x=0  y=0  z=1
Center of solvent box is: 9.387175, 9.387175, -9.387175
Adding box at: x=0  y=1  z=0
Center of solvent box is: 9.387175, -9.387175, 9.387175
Adding box at: x=0  y=1  z=1
Center of solvent box is: 9.387175, -9.387175, -9.387175
Adding box at: x=1  y=0  z=0
Center of solvent box is: -9.387175, 9.387175, 9.387175
Adding box at: x=1  y=0  z=1
Center of solvent box is: -9.387175, 9.387175, -9.387175
Adding box at: x=1  y=1  z=0
Center of solvent box is: -9.387175, -9.387175, 9.387175
Adding box at: x=1  y=1  z=1
Center of solvent box is: -9.387175, -9.387175, -9.387175
  Volume: 41568.017 A^3 
  Total mass 16298.594 amu,  Density 0.651 g/cc
  Added 894 residues.
> saveamberparm solvent solvent.prmtop solvent.inpcrd
Checking Unit.
Building topology.
Building atom parameters.
Building bond parameters.
Building angle parameters.
Building proper torsion parameters.
Building improper torsion parameters.
 ** Warning: No sp2 improper torsion term for  c-ha-ce-c2
        atoms are: C1 H15 C11 C2
 ** Warning: No sp2 improper torsion term for  ce-ha-c2-c3
        atoms are: C11 H C2 C
 ** Warning: No sp2 improper torsion term for  c3-ha-c2-c2
        atoms are: C7 H9 C8 C9
 ** Warning: No sp2 improper torsion term for  c2-c3-c2-c3
        atoms are: C8 C10 C9 C
old PREP-specified impropers:
 <RAI 1>:  C12  C11  C1   O1  
 <RAI 1>:  C2   C1   C11  H15 
 <RAI 1>:  C    C11  C2   H   
 <RAI 1>:  C9   C7   C8   H9  
 <RAI 1>:  C8   C    C9   C10 
 total 1 improper torsion applied
 5 improper torsions in old prep form
Building H-Bond parameters.
Incorporating Non-Bonded adjustments.
Not Marking per-residue atom chain types.
Marking per-residue atom chain types.
  (Residues lacking connect0/connect1 - 
   these don't have chain types marked:

	res	total affected

	WAT	894
  )
 (no restraints)
> savepdb solvent solvent.pdb
Writing pdb file: solvent.pdb
> 
> receptor = combine { prot hem }
  Sequence: default_name
  Sequence: HEM-IC6
> bond receptor.456.28 receptor.400.8
> saveamberparm receptor receptor.prmtop receptor.inpcrd
Checking Unit.
WARNING: The unperturbed charge of the unit: -15.000000 is not zero.

 -- ignoring the warning.

Building topology.
Building atom parameters.
Building bond parameters.
Building angle parameters.
Building proper torsion parameters.
Building improper torsion parameters.
 ** Warning: No sp2 improper torsion term for  NA-CA-CN-CB
        atoms are: NE1 CZ2 CE2 CD2
 ** Warning: No sp2 improper torsion term for  C*-CN-CB-CA
        atoms are: CG CE2 CD2 CE3
 ** Warning: No sp2 improper torsion term for  NA-CA-CN-CB
        atoms are: NE1 CZ2 CE2 CD2
 ** Warning: No sp2 improper torsion term for  C*-CN-CB-CA
        atoms are: CG CE2 CD2 CE3
 ** Warning: No sp2 improper torsion term for  NA-CA-CN-CB
        atoms are: NE1 CZ2 CE2 CD2
 ** Warning: No sp2 improper torsion term for  C*-CN-CB-CA
        atoms are: CG CE2 CD2 CE3
 ** Warning: No sp2 improper torsion term for  NA-CA-CN-CB
        atoms are: NE1 CZ2 CE2 CD2
 ** Warning: No sp2 improper torsion term for  C*-CN-CB-CA
        atoms are: CG CE2 CD2 CE3
 ** Warning: No sp2 improper torsion term for  NA-CA-CN-CB
        atoms are: NE1 CZ2 CE2 CD2
 ** Warning: No sp2 improper torsion term for  C*-CN-CB-CA
        atoms are: CG CE2 CD2 CE3
 ** Warning: No sp2 improper torsion term for  NA-CA-CN-CB
        atoms are: NE1 CZ2 CE2 CD2
 ** Warning: No sp2 improper torsion term for  C*-CN-CB-CA
        atoms are: CG CE2 CD2 CE3
 ** Warning: No sp2 improper torsion term for  cd-ha-cc-ha
        atoms are: CAC HBC1 CBC HBC2
 ** Warning: No sp2 improper torsion term for  cc-ha-cd-cc
        atoms are: C3C HAC CAC CBC
 ** Warning: No sp2 improper torsion term for  cc-ha-cd-ha
        atoms are: CAB HBB1 CBB HBB2
 ** Warning: No sp2 improper torsion term for  cd-ha-cc-cd
        atoms are: C3B HAB CAB CBB
 ** Warning: No sp2 improper torsion term for  cd-cd-cd-cc
        atoms are: C2B C4B C3B CAB
 ** Warning: No sp2 improper torsion term for  cc-cd-cg-ha
        atoms are: C1C C4B CHC HHC
 ** Warning: No sp2 improper torsion term for  nd-cg-cd-cd
        atoms are: NB CHC C4B C3B
 ** Warning: No sp2 improper torsion term for  cd-cd-nd-fe
        atoms are: C1B C4B NB FE
 ** Warning: No sp2 improper torsion term for  cd-cd-cd-c3
        atoms are: C1B C3B C2B CMB
 ** Warning: No sp2 improper torsion term for  cg-cd-cd-nd
        atoms are: CHB C2B C1B NB
 ** Warning: No sp2 improper torsion term for  cc-ha-cg-cd
        atoms are: C4A HHB CHB C1B
 ** Warning: No sp2 improper torsion term for  cc-cc-cc-c3
        atoms are: C2A C4A C3A CMA
 ** Warning: No sp2 improper torsion term for  cc-cc-nc-fe
        atoms are: C1A C4A NA FE
 ** Warning: No sp2 improper torsion term for  nc-cc-cc-cg
        atoms are: NA C3A C4A CHB
 ** Warning: No sp2 improper torsion term for  cc-cc-cc-c3
        atoms are: C1A C3A C2A CAA
 ** Warning: No sp2 improper torsion term for  cg-cc-cc-nc
        atoms are: CHA C2A C1A NA
 ** Warning: No sp2 improper torsion term for  cd-ha-cg-cc
        atoms are: C4D HHA CHA C1A
 ** Warning: No sp2 improper torsion term for  cd-cd-cd-c3
        atoms are: C1D C3D C2D CMD
 ** Warning: No sp2 improper torsion term for  cd-cd-cd-c3
        atoms are: C4D C2D C3D CAD
 ** Warning: No sp2 improper torsion term for  nd-cd-cd-cg
        atoms are: ND C3D C4D CHA
 ** Warning: No sp2 improper torsion term for  cd-cd-nd-fe
        atoms are: C1D C4D ND FE
 ** Warning: No sp2 improper torsion term for  cg-nd-cd-cd
        atoms are: CHD ND C1D C2D
 ** Warning: No sp2 improper torsion term for  cc-ha-cg-cd
        atoms are: C4C HHD CHD C1D
 ** Warning: No sp2 improper torsion term for  cc-cc-cc-cd
        atoms are: C4C C2C C3C CAC
 ** Warning: No sp2 improper torsion term for  cc-cc-cc-c3
        atoms are: C1C C3C C2C CMC
 ** Warning: No sp2 improper torsion term for  nc-cc-cc-cg
        atoms are: NC C3C C4C CHD
 ** Warning: No sp2 improper torsion term for  nc-cc-cc-cg
        atoms are: NC C2C C1C CHC
 ** Warning: No sp2 improper torsion term for  cc-cc-nc-fe
        atoms are: C1C C4C NC FE
 total 1449 improper torsions applied
Building H-Bond parameters.
Incorporating Non-Bonded adjustments.
Not Marking per-residue atom chain types.
Marking per-residue atom chain types.
  (Residues lacking connect0/connect1 - 
   these don't have chain types marked:

	res	total affected

	CLEU	1
	CYP	1
	HEM	1
	NTHR	1
  )
 (no restraints)
> savepdb receptor receptor.pdb
Writing pdb file: receptor.pdb
 Converting N-terminal residue name to PDB format: NTHR -> THR
 Converting C-terminal residue name to PDB format: CLEU -> LEU
> 
> complex = combine { prot hem lig }
  Sequence: default_name
  Sequence: HEM-IC6
  Sequence: default_name
> bond complex.456.28 complex.400.8
> solvatebox complex TIP3PBOX 10.0 iso
  Solute vdw bounding box:              62.121 74.690 54.275
  Total bounding box for atom centers:  94.690 94.690 94.690
      (box expansion for 'iso' is  47.0%)
  Solvent unit box:                     18.774 18.774 18.774
The number of boxes:  x= 6  y= 6  z= 6
Adding box at: x=0  y=0  z=0
Center of solvent box is: 46.935873, 46.935873, 46.935873
Adding box at: x=0  y=0  z=1
Center of solvent box is: 46.935873, 46.935873, 28.161524
Adding box at: x=0  y=0  z=2
Center of solvent box is: 46.935873, 46.935873, 9.387175
Adding box at: x=0  y=0  z=3
Center of solvent box is: 46.935873, 46.935873, -9.387175
Adding box at: x=0  y=0  z=4
Center of solvent box is: 46.935873, 46.935873, -28.161524
Adding box at: x=0  y=0  z=5
Center of solvent box is: 46.935873, 46.935873, -46.935873
Adding box at: x=0  y=1  z=0
Center of solvent box is: 46.935873, 28.161524, 46.935873
Adding box at: x=0  y=1  z=1
Center of solvent box is: 46.935873, 28.161524, 28.161524
Adding box at: x=0  y=1  z=2
Center of solvent box is: 46.935873, 28.161524, 9.387175
Adding box at: x=0  y=1  z=3
Center of solvent box is: 46.935873, 28.161524, -9.387175
Adding box at: x=0  y=1  z=4
Center of solvent box is: 46.935873, 28.161524, -28.161524
Adding box at: x=0  y=1  z=5
Center of solvent box is: 46.935873, 28.161524, -46.935873
Adding box at: x=0  y=2  z=0
Center of solvent box is: 46.935873, 9.387175, 46.935873
Adding box at: x=0  y=2  z=1
Center of solvent box is: 46.935873, 9.387175, 28.161524
Adding box at: x=0  y=2  z=2
Center of solvent box is: 46.935873, 9.387175, 9.387175
Adding box at: x=0  y=2  z=3
Center of solvent box is: 46.935873, 9.387175, -9.387175
Adding box at: x=0  y=2  z=4
Center of solvent box is: 46.935873, 9.387175, -28.161524
Adding box at: x=0  y=2  z=5
Center of solvent box is: 46.935873, 9.387175, -46.935873
Adding box at: x=0  y=3  z=0
Center of solvent box is: 46.935873, -9.387175, 46.935873
Adding box at: x=0  y=3  z=1
Center of solvent box is: 46.935873, -9.387175, 28.161524
Adding box at: x=0  y=3  z=2
Center of solvent box is: 46.935873, -9.387175, 9.387175
Adding box at: x=0  y=3  z=3
Center of solvent box is: 46.935873, -9.387175, -9.387175
Adding box at: x=0  y=3  z=4
Center of solvent box is: 46.935873, -9.387175, -28.161524
Adding box at: x=0  y=3  z=5
Center of solvent box is: 46.935873, -9.387175, -46.935873
Adding box at: x=0  y=4  z=0
Center of solvent box is: 46.935873, -28.161524, 46.935873
Adding box at: x=0  y=4  z=1
Center of solvent box is: 46.935873, -28.161524, 28.161524
Adding box at: x=0  y=4  z=2
Center of solvent box is: 46.935873, -28.161524, 9.387175
Adding box at: x=0  y=4  z=3
Center of solvent box is: 46.935873, -28.161524, -9.387175
Adding box at: x=0  y=4  z=4
Center of solvent box is: 46.935873, -28.161524, -28.161524
Adding box at: x=0  y=4  z=5
Center of solvent box is: 46.935873, -28.161524, -46.935873
Adding box at: x=0  y=5  z=0
Center of solvent box is: 46.935873, -46.935873, 46.935873
Adding box at: x=0  y=5  z=1
Center of solvent box is: 46.935873, -46.935873, 28.161524
Adding box at: x=0  y=5  z=2
Center of solvent box is: 46.935873, -46.935873, 9.387175
Adding box at: x=0  y=5  z=3
Center of solvent box is: 46.935873, -46.935873, -9.387175
Adding box at: x=0  y=5  z=4
Center of solvent box is: 46.935873, -46.935873, -28.161524
Adding box at: x=0  y=5  z=5
Center of solvent box is: 46.935873, -46.935873, -46.935873
Adding box at: x=1  y=0  z=0
Center of solvent box is: 28.161524, 46.935873, 46.935873
Adding box at: x=1  y=0  z=1
Center of solvent box is: 28.161524, 46.935873, 28.161524
Adding box at: x=1  y=0  z=2
Center of solvent box is: 28.161524, 46.935873, 9.387175
Adding box at: x=1  y=0  z=3
Center of solvent box is: 28.161524, 46.935873, -9.387175
Adding box at: x=1  y=0  z=4
Center of solvent box is: 28.161524, 46.935873, -28.161524
Adding box at: x=1  y=0  z=5
Center of solvent box is: 28.161524, 46.935873, -46.935873
Adding box at: x=1  y=1  z=0
Center of solvent box is: 28.161524, 28.161524, 46.935873
Adding box at: x=1  y=1  z=1
Center of solvent box is: 28.161524, 28.161524, 28.161524
Adding box at: x=1  y=1  z=2
Center of solvent box is: 28.161524, 28.161524, 9.387175
Adding box at: x=1  y=1  z=3
Center of solvent box is: 28.161524, 28.161524, -9.387175
Adding box at: x=1  y=1  z=4
Center of solvent box is: 28.161524, 28.161524, -28.161524
Adding box at: x=1  y=1  z=5
Center of solvent box is: 28.161524, 28.161524, -46.935873
Adding box at: x=1  y=2  z=0
Center of solvent box is: 28.161524, 9.387175, 46.935873
Adding box at: x=1  y=2  z=1
Center of solvent box is: 28.161524, 9.387175, 28.161524
Adding box at: x=1  y=2  z=2
Center of solvent box is: 28.161524, 9.387175, 9.387175
Adding box at: x=1  y=2  z=3
Center of solvent box is: 28.161524, 9.387175, -9.387175
Adding box at: x=1  y=2  z=4
Center of solvent box is: 28.161524, 9.387175, -28.161524
Adding box at: x=1  y=2  z=5
Center of solvent box is: 28.161524, 9.387175, -46.935873
Adding box at: x=1  y=3  z=0
Center of solvent box is: 28.161524, -9.387175, 46.935873
Adding box at: x=1  y=3  z=1
Center of solvent box is: 28.161524, -9.387175, 28.161524
Adding box at: x=1  y=3  z=2
Center of solvent box is: 28.161524, -9.387175, 9.387175
Adding box at: x=1  y=3  z=3
Center of solvent box is: 28.161524, -9.387175, -9.387175
Adding box at: x=1  y=3  z=4
Center of solvent box is: 28.161524, -9.387175, -28.161524
Adding box at: x=1  y=3  z=5
Center of solvent box is: 28.161524, -9.387175, -46.935873
Adding box at: x=1  y=4  z=0
Center of solvent box is: 28.161524, -28.161524, 46.935873
Adding box at: x=1  y=4  z=1
Center of solvent box is: 28.161524, -28.161524, 28.161524
Adding box at: x=1  y=4  z=2
Center of solvent box is: 28.161524, -28.161524, 9.387175
Adding box at: x=1  y=4  z=3
Center of solvent box is: 28.161524, -28.161524, -9.387175
Adding box at: x=1  y=4  z=4
Center of solvent box is: 28.161524, -28.161524, -28.161524
Adding box at: x=1  y=4  z=5
Center of solvent box is: 28.161524, -28.161524, -46.935873
Adding box at: x=1  y=5  z=0
Center of solvent box is: 28.161524, -46.935873, 46.935873
Adding box at: x=1  y=5  z=1
Center of solvent box is: 28.161524, -46.935873, 28.161524
Adding box at: x=1  y=5  z=2
Center of solvent box is: 28.161524, -46.935873, 9.387175
Adding box at: x=1  y=5  z=3
Center of solvent box is: 28.161524, -46.935873, -9.387175
Adding box at: x=1  y=5  z=4
Center of solvent box is: 28.161524, -46.935873, -28.161524
Adding box at: x=1  y=5  z=5
Center of solvent box is: 28.161524, -46.935873, -46.935873
Adding box at: x=2  y=0  z=0
Center of solvent box is: 9.387175, 46.935873, 46.935873
Adding box at: x=2  y=0  z=1
Center of solvent box is: 9.387175, 46.935873, 28.161524
Adding box at: x=2  y=0  z=2
Center of solvent box is: 9.387175, 46.935873, 9.387175
Adding box at: x=2  y=0  z=3
Center of solvent box is: 9.387175, 46.935873, -9.387175
Adding box at: x=2  y=0  z=4
Center of solvent box is: 9.387175, 46.935873, -28.161524
Adding box at: x=2  y=0  z=5
Center of solvent box is: 9.387175, 46.935873, -46.935873
Adding box at: x=2  y=1  z=0
Center of solvent box is: 9.387175, 28.161524, 46.935873
Adding box at: x=2  y=1  z=1
Center of solvent box is: 9.387175, 28.161524, 28.161524
Adding box at: x=2  y=1  z=2
Center of solvent box is: 9.387175, 28.161524, 9.387175
Adding box at: x=2  y=1  z=3
Center of solvent box is: 9.387175, 28.161524, -9.387175
Adding box at: x=2  y=1  z=4
Center of solvent box is: 9.387175, 28.161524, -28.161524
Adding box at: x=2  y=1  z=5
Center of solvent box is: 9.387175, 28.161524, -46.935873
Adding box at: x=2  y=2  z=0
Center of solvent box is: 9.387175, 9.387175, 46.935873
Adding box at: x=2  y=2  z=1
Center of solvent box is: 9.387175, 9.387175, 28.161524
Adding box at: x=2  y=2  z=2
Center of solvent box is: 9.387175, 9.387175, 9.387175
Adding box at: x=2  y=2  z=3
Center of solvent box is: 9.387175, 9.387175, -9.387175
Adding box at: x=2  y=2  z=4
Center of solvent box is: 9.387175, 9.387175, -28.161524
Adding box at: x=2  y=2  z=5
Center of solvent box is: 9.387175, 9.387175, -46.935873
Adding box at: x=2  y=3  z=0
Center of solvent box is: 9.387175, -9.387175, 46.935873
Adding box at: x=2  y=3  z=1
Center of solvent box is: 9.387175, -9.387175, 28.161524
Adding box at: x=2  y=3  z=2
Center of solvent box is: 9.387175, -9.387175, 9.387175
Adding box at: x=2  y=3  z=3
Center of solvent box is: 9.387175, -9.387175, -9.387175
Adding box at: x=2  y=3  z=4
Center of solvent box is: 9.387175, -9.387175, -28.161524
Adding box at: x=2  y=3  z=5
Center of solvent box is: 9.387175, -9.387175, -46.935873
Adding box at: x=2  y=4  z=0
Center of solvent box is: 9.387175, -28.161524, 46.935873
Adding box at: x=2  y=4  z=1
Center of solvent box is: 9.387175, -28.161524, 28.161524
Adding box at: x=2  y=4  z=2
Center of solvent box is: 9.387175, -28.161524, 9.387175
Adding box at: x=2  y=4  z=3
Center of solvent box is: 9.387175, -28.161524, -9.387175
Adding box at: x=2  y=4  z=4
Center of solvent box is: 9.387175, -28.161524, -28.161524
Adding box at: x=2  y=4  z=5
Center of solvent box is: 9.387175, -28.161524, -46.935873
Adding box at: x=2  y=5  z=0
Center of solvent box is: 9.387175, -46.935873, 46.935873
Adding box at: x=2  y=5  z=1
Center of solvent box is: 9.387175, -46.935873, 28.161524
Adding box at: x=2  y=5  z=2
Center of solvent box is: 9.387175, -46.935873, 9.387175
Adding box at: x=2  y=5  z=3
Center of solvent box is: 9.387175, -46.935873, -9.387175
Adding box at: x=2  y=5  z=4
Center of solvent box is: 9.387175, -46.935873, -28.161524
Adding box at: x=2  y=5  z=5
Center of solvent box is: 9.387175, -46.935873, -46.935873
Adding box at: x=3  y=0  z=0
Center of solvent box is: -9.387175, 46.935873, 46.935873
Adding box at: x=3  y=0  z=1
Center of solvent box is: -9.387175, 46.935873, 28.161524
Adding box at: x=3  y=0  z=2
Center of solvent box is: -9.387175, 46.935873, 9.387175
Adding box at: x=3  y=0  z=3
Center of solvent box is: -9.387175, 46.935873, -9.387175
Adding box at: x=3  y=0  z=4
Center of solvent box is: -9.387175, 46.935873, -28.161524
Adding box at: x=3  y=0  z=5
Center of solvent box is: -9.387175, 46.935873, -46.935873
Adding box at: x=3  y=1  z=0
Center of solvent box is: -9.387175, 28.161524, 46.935873
Adding box at: x=3  y=1  z=1
Center of solvent box is: -9.387175, 28.161524, 28.161524
Adding box at: x=3  y=1  z=2
Center of solvent box is: -9.387175, 28.161524, 9.387175
Adding box at: x=3  y=1  z=3
Center of solvent box is: -9.387175, 28.161524, -9.387175
Adding box at: x=3  y=1  z=4
Center of solvent box is: -9.387175, 28.161524, -28.161524
Adding box at: x=3  y=1  z=5
Center of solvent box is: -9.387175, 28.161524, -46.935873
Adding box at: x=3  y=2  z=0
Center of solvent box is: -9.387175, 9.387175, 46.935873
Adding box at: x=3  y=2  z=1
Center of solvent box is: -9.387175, 9.387175, 28.161524
Adding box at: x=3  y=2  z=2
Center of solvent box is: -9.387175, 9.387175, 9.387175
Adding box at: x=3  y=2  z=3
Center of solvent box is: -9.387175, 9.387175, -9.387175
Adding box at: x=3  y=2  z=4
Center of solvent box is: -9.387175, 9.387175, -28.161524
Adding box at: x=3  y=2  z=5
Center of solvent box is: -9.387175, 9.387175, -46.935873
Adding box at: x=3  y=3  z=0
Center of solvent box is: -9.387175, -9.387175, 46.935873
Adding box at: x=3  y=3  z=1
Center of solvent box is: -9.387175, -9.387175, 28.161524
Adding box at: x=3  y=3  z=2
Center of solvent box is: -9.387175, -9.387175, 9.387175
Adding box at: x=3  y=3  z=3
Center of solvent box is: -9.387175, -9.387175, -9.387175
Adding box at: x=3  y=3  z=4
Center of solvent box is: -9.387175, -9.387175, -28.161524
Adding box at: x=3  y=3  z=5
Center of solvent box is: -9.387175, -9.387175, -46.935873
Adding box at: x=3  y=4  z=0
Center of solvent box is: -9.387175, -28.161524, 46.935873
Adding box at: x=3  y=4  z=1
Center of solvent box is: -9.387175, -28.161524, 28.161524
Adding box at: x=3  y=4  z=2
Center of solvent box is: -9.387175, -28.161524, 9.387175
Adding box at: x=3  y=4  z=3
Center of solvent box is: -9.387175, -28.161524, -9.387175
Adding box at: x=3  y=4  z=4
Center of solvent box is: -9.387175, -28.161524, -28.161524
Adding box at: x=3  y=4  z=5
Center of solvent box is: -9.387175, -28.161524, -46.935873
Adding box at: x=3  y=5  z=0
Center of solvent box is: -9.387175, -46.935873, 46.935873
Adding box at: x=3  y=5  z=1
Center of solvent box is: -9.387175, -46.935873, 28.161524
Adding box at: x=3  y=5  z=2
Center of solvent box is: -9.387175, -46.935873, 9.387175
Adding box at: x=3  y=5  z=3
Center of solvent box is: -9.387175, -46.935873, -9.387175
Adding box at: x=3  y=5  z=4
Center of solvent box is: -9.387175, -46.935873, -28.161524
Adding box at: x=3  y=5  z=5
Center of solvent box is: -9.387175, -46.935873, -46.935873
Adding box at: x=4  y=0  z=0
Center of solvent box is: -28.161524, 46.935873, 46.935873
Adding box at: x=4  y=0  z=1
Center of solvent box is: -28.161524, 46.935873, 28.161524
Adding box at: x=4  y=0  z=2
Center of solvent box is: -28.161524, 46.935873, 9.387175
Adding box at: x=4  y=0  z=3
Center of solvent box is: -28.161524, 46.935873, -9.387175
Adding box at: x=4  y=0  z=4
Center of solvent box is: -28.161524, 46.935873, -28.161524
Adding box at: x=4  y=0  z=5
Center of solvent box is: -28.161524, 46.935873, -46.935873
Adding box at: x=4  y=1  z=0
Center of solvent box is: -28.161524, 28.161524, 46.935873
Adding box at: x=4  y=1  z=1
Center of solvent box is: -28.161524, 28.161524, 28.161524
Adding box at: x=4  y=1  z=2
Center of solvent box is: -28.161524, 28.161524, 9.387175
Adding box at: x=4  y=1  z=3
Center of solvent box is: -28.161524, 28.161524, -9.387175
Adding box at: x=4  y=1  z=4
Center of solvent box is: -28.161524, 28.161524, -28.161524
Adding box at: x=4  y=1  z=5
Center of solvent box is: -28.161524, 28.161524, -46.935873
Adding box at: x=4  y=2  z=0
Center of solvent box is: -28.161524, 9.387175, 46.935873
Adding box at: x=4  y=2  z=1
Center of solvent box is: -28.161524, 9.387175, 28.161524
Adding box at: x=4  y=2  z=2
Center of solvent box is: -28.161524, 9.387175, 9.387175
Adding box at: x=4  y=2  z=3
Center of solvent box is: -28.161524, 9.387175, -9.387175
Adding box at: x=4  y=2  z=4
Center of solvent box is: -28.161524, 9.387175, -28.161524
Adding box at: x=4  y=2  z=5
Center of solvent box is: -28.161524, 9.387175, -46.935873
Adding box at: x=4  y=3  z=0
Center of solvent box is: -28.161524, -9.387175, 46.935873
Adding box at: x=4  y=3  z=1
Center of solvent box is: -28.161524, -9.387175, 28.161524
Adding box at: x=4  y=3  z=2
Center of solvent box is: -28.161524, -9.387175, 9.387175
Adding box at: x=4  y=3  z=3
Center of solvent box is: -28.161524, -9.387175, -9.387175
Adding box at: x=4  y=3  z=4
Center of solvent box is: -28.161524, -9.387175, -28.161524
Adding box at: x=4  y=3  z=5
Center of solvent box is: -28.161524, -9.387175, -46.935873
Adding box at: x=4  y=4  z=0
Center of solvent box is: -28.161524, -28.161524, 46.935873
Adding box at: x=4  y=4  z=1
Center of solvent box is: -28.161524, -28.161524, 28.161524
Adding box at: x=4  y=4  z=2
Center of solvent box is: -28.161524, -28.161524, 9.387175
Adding box at: x=4  y=4  z=3
Center of solvent box is: -28.161524, -28.161524, -9.387175
Adding box at: x=4  y=4  z=4
Center of solvent box is: -28.161524, -28.161524, -28.161524
Adding box at: x=4  y=4  z=5
Center of solvent box is: -28.161524, -28.161524, -46.935873
Adding box at: x=4  y=5  z=0
Center of solvent box is: -28.161524, -46.935873, 46.935873
Adding box at: x=4  y=5  z=1
Center of solvent box is: -28.161524, -46.935873, 28.161524
Adding box at: x=4  y=5  z=2
Center of solvent box is: -28.161524, -46.935873, 9.387175
Adding box at: x=4  y=5  z=3
Center of solvent box is: -28.161524, -46.935873, -9.387175
Adding box at: x=4  y=5  z=4
Center of solvent box is: -28.161524, -46.935873, -28.161524
Adding box at: x=4  y=5  z=5
Center of solvent box is: -28.161524, -46.935873, -46.935873
Adding box at: x=5  y=0  z=0
Center of solvent box is: -46.935873, 46.935873, 46.935873
Adding box at: x=5  y=0  z=1
Center of solvent box is: -46.935873, 46.935873, 28.161524
Adding box at: x=5  y=0  z=2
Center of solvent box is: -46.935873, 46.935873, 9.387175
Adding box at: x=5  y=0  z=3
Center of solvent box is: -46.935873, 46.935873, -9.387175
Adding box at: x=5  y=0  z=4
Center of solvent box is: -46.935873, 46.935873, -28.161524
Adding box at: x=5  y=0  z=5
Center of solvent box is: -46.935873, 46.935873, -46.935873
Adding box at: x=5  y=1  z=0
Center of solvent box is: -46.935873, 28.161524, 46.935873
Adding box at: x=5  y=1  z=1
Center of solvent box is: -46.935873, 28.161524, 28.161524
Adding box at: x=5  y=1  z=2
Center of solvent box is: -46.935873, 28.161524, 9.387175
Adding box at: x=5  y=1  z=3
Center of solvent box is: -46.935873, 28.161524, -9.387175
Adding box at: x=5  y=1  z=4
Center of solvent box is: -46.935873, 28.161524, -28.161524
Adding box at: x=5  y=1  z=5
Center of solvent box is: -46.935873, 28.161524, -46.935873
Adding box at: x=5  y=2  z=0
Center of solvent box is: -46.935873, 9.387175, 46.935873
Adding box at: x=5  y=2  z=1
Center of solvent box is: -46.935873, 9.387175, 28.161524
Adding box at: x=5  y=2  z=2
Center of solvent box is: -46.935873, 9.387175, 9.387175
Adding box at: x=5  y=2  z=3
Center of solvent box is: -46.935873, 9.387175, -9.387175
Adding box at: x=5  y=2  z=4
Center of solvent box is: -46.935873, 9.387175, -28.161524
Adding box at: x=5  y=2  z=5
Center of solvent box is: -46.935873, 9.387175, -46.935873
Adding box at: x=5  y=3  z=0
Center of solvent box is: -46.935873, -9.387175, 46.935873
Adding box at: x=5  y=3  z=1
Center of solvent box is: -46.935873, -9.387175, 28.161524
Adding box at: x=5  y=3  z=2
Center of solvent box is: -46.935873, -9.387175, 9.387175
Adding box at: x=5  y=3  z=3
Center of solvent box is: -46.935873, -9.387175, -9.387175
Adding box at: x=5  y=3  z=4
Center of solvent box is: -46.935873, -9.387175, -28.161524
Adding box at: x=5  y=3  z=5
Center of solvent box is: -46.935873, -9.387175, -46.935873
Adding box at: x=5  y=4  z=0
Center of solvent box is: -46.935873, -28.161524, 46.935873
Adding box at: x=5  y=4  z=1
Center of solvent box is: -46.935873, -28.161524, 28.161524
Adding box at: x=5  y=4  z=2
Center of solvent box is: -46.935873, -28.161524, 9.387175
Adding box at: x=5  y=4  z=3
Center of solvent box is: -46.935873, -28.161524, -9.387175
Adding box at: x=5  y=4  z=4
Center of solvent box is: -46.935873, -28.161524, -28.161524
Adding box at: x=5  y=4  z=5
Center of solvent box is: -46.935873, -28.161524, -46.935873
Adding box at: x=5  y=5  z=0
Center of solvent box is: -46.935873, -46.935873, 46.935873
Adding box at: x=5  y=5  z=1
Center of solvent box is: -46.935873, -46.935873, 28.161524
Adding box at: x=5  y=5  z=2
Center of solvent box is: -46.935873, -46.935873, 9.387175
Adding box at: x=5  y=5  z=3
Center of solvent box is: -46.935873, -46.935873, -9.387175
Adding box at: x=5  y=5  z=4
Center of solvent box is: -46.935873, -46.935873, -28.161524
Adding box at: x=5  y=5  z=5
Center of solvent box is: -46.935873, -46.935873, -46.935873
  Volume: 936559.516 A^3 
  Total mass 478981.064 amu,  Density 0.849 g/cc
  Added 23650 residues.
> addions complex Na+ 15
Adding 15 counter ions to "complex" using 1A grid
Total solute charge:  -15.00  Max atom radius:   2.00
Grid extends from solute vdw + 4.71  to  10.71
Box:
   enclosing:  -40.55 -46.54 -36.38   40.24 46.59 36.16
   sized:			      87.45 81.46 91.62
   edge:        128.00
Resolution:      1.00 Angstrom.
Tree depth: 7
grid build: 0 sec
Volume =  4.36% of box, grid points 91502
Solvent present: replacing closest with ion
	 when steric overlaps occur
Calculating grid charges
charges: 11 sec
(Replacing solvent molecule)
Placed Na+ in complex at (2.89, -10.75, -19.50).
(Replacing solvent molecule)
Placed Na+ in complex at (21.99, -1.66, -4.43).
(Replacing solvent molecule)
Placed Na+ in complex at (-8.22, 27.89, 5.00).
(Replacing solvent molecule)
Placed Na+ in complex at (-23.35, 8.41, -0.99).
(Replacing solvent molecule)
Placed Na+ in complex at (15.05, -5.75, -20.31).
(Replacing solvent molecule)
Placed Na+ in complex at (31.19, 4.92, -2.15).
(Replacing solvent molecule)
Placed Na+ in complex at (3.37, -23.38, -20.32).
(Replacing solvent molecule)
Placed Na+ in complex at (-16.45, 6.17, -26.97).
(Replacing solvent molecule)
Placed Na+ in complex at (-31.48, -10.76, -5.19).
(Replacing solvent molecule)
Placed Na+ in complex at (-24.43, -25.88, 11.88).
(Replacing solvent molecule)
Placed Na+ in complex at (-3.21, -33.76, 3.97).
(Replacing solvent molecule)
Placed Na+ in complex at (0.56, 31.52, 13.63).
(Replacing solvent molecule)
Placed Na+ in complex at (-7.95, 2.61, 22.89).
(Replacing solvent molecule)
Placed Na+ in complex at (-29.26, 3.75, 7.00).
(Replacing solvent molecule)
Placed Na+ in complex at (27.96, -19.96, -7.87).

Done adding ions.
> saveamberparm complex complex.prmtop complex.inpcrd
Checking Unit.
Building topology.
Building atom parameters.
Building bond parameters.
Building angle parameters.
Building proper torsion parameters.
Building improper torsion parameters.
 ** Warning: No sp2 improper torsion term for  NA-CA-CN-CB
        atoms are: NE1 CZ2 CE2 CD2
 ** Warning: No sp2 improper torsion term for  C*-CN-CB-CA
        atoms are: CG CE2 CD2 CE3
 ** Warning: No sp2 improper torsion term for  NA-CA-CN-CB
        atoms are: NE1 CZ2 CE2 CD2
 ** Warning: No sp2 improper torsion term for  C*-CN-CB-CA
        atoms are: CG CE2 CD2 CE3
 ** Warning: No sp2 improper torsion term for  NA-CA-CN-CB
        atoms are: NE1 CZ2 CE2 CD2
 ** Warning: No sp2 improper torsion term for  C*-CN-CB-CA
        atoms are: CG CE2 CD2 CE3
 ** Warning: No sp2 improper torsion term for  NA-CA-CN-CB
        atoms are: NE1 CZ2 CE2 CD2
 ** Warning: No sp2 improper torsion term for  C*-CN-CB-CA
        atoms are: CG CE2 CD2 CE3
 ** Warning: No sp2 improper torsion term for  NA-CA-CN-CB
        atoms are: NE1 CZ2 CE2 CD2
 ** Warning: No sp2 improper torsion term for  C*-CN-CB-CA
        atoms are: CG CE2 CD2 CE3
 ** Warning: No sp2 improper torsion term for  NA-CA-CN-CB
        atoms are: NE1 CZ2 CE2 CD2
 ** Warning: No sp2 improper torsion term for  C*-CN-CB-CA
        atoms are: CG CE2 CD2 CE3
 ** Warning: No sp2 improper torsion term for  cd-ha-cc-ha
        atoms are: CAC HBC1 CBC HBC2
 ** Warning: No sp2 improper torsion term for  cc-ha-cd-cc
        atoms are: C3C HAC CAC CBC
 ** Warning: No sp2 improper torsion term for  cc-ha-cd-ha
        atoms are: CAB HBB1 CBB HBB2
 ** Warning: No sp2 improper torsion term for  cd-ha-cc-cd
        atoms are: C3B HAB CAB CBB
 ** Warning: No sp2 improper torsion term for  cd-cd-cd-cc
        atoms are: C2B C4B C3B CAB
 ** Warning: No sp2 improper torsion term for  cc-cd-cg-ha
        atoms are: C1C C4B CHC HHC
 ** Warning: No sp2 improper torsion term for  nd-cg-cd-cd
        atoms are: NB CHC C4B C3B
 ** Warning: No sp2 improper torsion term for  cd-cd-nd-fe
        atoms are: C1B C4B NB FE
 ** Warning: No sp2 improper torsion term for  cd-cd-cd-c3
        atoms are: C1B C3B C2B CMB
 ** Warning: No sp2 improper torsion term for  cg-cd-cd-nd
        atoms are: CHB C2B C1B NB
 ** Warning: No sp2 improper torsion term for  cc-ha-cg-cd
        atoms are: C4A HHB CHB C1B
 ** Warning: No sp2 improper torsion term for  cc-cc-cc-c3
        atoms are: C2A C4A C3A CMA
 ** Warning: No sp2 improper torsion term for  cc-cc-nc-fe
        atoms are: C1A C4A NA FE
 ** Warning: No sp2 improper torsion term for  nc-cc-cc-cg
        atoms are: NA C3A C4A CHB
 ** Warning: No sp2 improper torsion term for  cc-cc-cc-c3
        atoms are: C1A C3A C2A CAA
 ** Warning: No sp2 improper torsion term for  cg-cc-cc-nc
        atoms are: CHA C2A C1A NA
 ** Warning: No sp2 improper torsion term for  cd-ha-cg-cc
        atoms are: C4D HHA CHA C1A
 ** Warning: No sp2 improper torsion term for  cd-cd-cd-c3
        atoms are: C1D C3D C2D CMD
 ** Warning: No sp2 improper torsion term for  cd-cd-cd-c3
        atoms are: C4D C2D C3D CAD
 ** Warning: No sp2 improper torsion term for  nd-cd-cd-cg
        atoms are: ND C3D C4D CHA
 ** Warning: No sp2 improper torsion term for  cd-cd-nd-fe
        atoms are: C1D C4D ND FE
 ** Warning: No sp2 improper torsion term for  cg-nd-cd-cd
        atoms are: CHD ND C1D C2D
 ** Warning: No sp2 improper torsion term for  cc-ha-cg-cd
        atoms are: C4C HHD CHD C1D
 ** Warning: No sp2 improper torsion term for  cc-cc-cc-cd
        atoms are: C4C C2C C3C CAC
 ** Warning: No sp2 improper torsion term for  cc-cc-cc-c3
        atoms are: C1C C3C C2C CMC
 ** Warning: No sp2 improper torsion term for  nc-cc-cc-cg
        atoms are: NC C3C C4C CHD
 ** Warning: No sp2 improper torsion term for  nc-cc-cc-cg
        atoms are: NC C2C C1C CHC
 ** Warning: No sp2 improper torsion term for  cc-cc-nc-fe
        atoms are: C1C C4C NC FE
 ** Warning: No sp2 improper torsion term for  c-ha-ce-c2
        atoms are: C1 H15 C11 C2
 ** Warning: No sp2 improper torsion term for  ce-ha-c2-c3
        atoms are: C11 H C2 C
 ** Warning: No sp2 improper torsion term for  c3-ha-c2-c2
        atoms are: C7 H9 C8 C9
 ** Warning: No sp2 improper torsion term for  c2-c3-c2-c3
        atoms are: C8 C10 C9 C
old PREP-specified impropers:
 <RAI 457>:  C12  C11  C1   O1  
 <RAI 457>:  C2   C1   C11  H15 
 <RAI 457>:  C    C11  C2   H   
 <RAI 457>:  C9   C7   C8   H9  
 <RAI 457>:  C8   C    C9   C10 
 total 1450 improper torsions applied
 5 improper torsions in old prep form
Building H-Bond parameters.
Incorporating Non-Bonded adjustments.
Not Marking per-residue atom chain types.
Marking per-residue atom chain types.
  (Residues lacking connect0/connect1 - 
   these don't have chain types marked:

	res	total affected

	CLEU	1
	CYP	1
	HEM	1
	NTHR	1
	WAT	23635
  )
 (no restraints)
> savepdb complex complex.pdb
Writing pdb file: complex.pdb
 Converting N-terminal residue name to PDB format: NTHR -> THR
 Converting C-terminal residue name to PDB format: CLEU -> LEU
> 
> quit
	Quit
